{"numFailedTestSuites":2,"numFailedTests":1,"numPassedTestSuites":47,"numPassedTests":377,"numPendingTestSuites":0,"numPendingTests":0,"numRuntimeErrorTestSuites":1,"numTodoTests":0,"numTotalTestSuites":49,"numTotalTests":378,"openHandles":[],"snapshot":{"added":0,"didUpdate":false,"failure":false,"filesAdded":0,"filesRemoved":0,"filesRemovedList":[],"filesUnmatched":0,"filesUpdated":0,"matched":0,"total":0,"unchecked":0,"uncheckedKeysByFile":[],"unmatched":0,"updated":0},"startTime":1785718011623,"success":false,"testResults":[{"assertionResults":[{"ancestorTitles":["PanelUncertainty controls"],"duration":50,"failureDetails":[],"failureMessages":[],"fullName":"PanelUncertainty controls C2 shows the requested no-case guidance before a worklist case is open","invocations":1,"location":null,"numPassingAsserts":1,"retryReasons":[],"status":"passed","title":"C2 shows the requested no-case guidance before a worklist case is open"},{"ancestorTitles":["PanelUncertainty controls"],"duration":48,"failureDetails":[],"failureMessages":[],"fullName":"PanelUncertainty controls C0/C1 render disabled heatmap actions","invocations":1,"location":null,"numPassingAsserts":4,"retryReasons":[],"status":"passed","title":"C0/C1 render disabled heatmap actions"},{"ancestorTitles":["PanelUncertainty controls"],"duration":27,"failureDetails":[],"failureMessages":[],"fullName":"PanelUncertainty controls C2 toggles the heatmap and sends opacity changes to the service","invocations":1,"location":null,"numPassingAsserts":4,"retryReasons":[],"status":"passed","title":"C2 toggles the heatmap and sends opacity changes to the service"},{"ancestorTitles":["PanelUncertainty controls"],"duration":13,"failureDetails":[],"failureMessages":[],"fullName":"PanelUncertainty controls shows authoritative checkpoint provenance and T=16","invocations":1,"location":null,"numPassingAsserts":2,"retryReasons":[],"status":"passed","title":"shows authoritative checkpoint provenance and T=16"}],"endTime":1785718016145,"message":"","name":"C:\\medical-imaging-platform\\ohif-viewer\\extensions\\extension-uncertainty\\src\\__tests__\\PanelUncertainty.test.tsx","startTime":1785718013631,"status":"passed","summary":""},{"assertionResults":[{"ancestorTitles":["PanelSubmission click actions"],"duration":34,"failureDetails":[],"failureMessages":[],"fullName":"PanelSubmission click actions C0 shows the requested no-case guidance before a worklist case is open","invocations":1,"location":null,"numPassingAsserts":1,"retryReasons":[],"status":"passed","title":"C0 shows the requested no-case guidance before a worklist case is open"},{"ancestorTitles":["PanelSubmission click actions"],"duration":6,"failureDetails":[],"failureMessages":[],"fullName":"PanelSubmission click actions C1 shows the requested no-case guidance before a worklist case is open","invocations":1,"location":null,"numPassingAsserts":1,"retryReasons":[],"status":"passed","title":"C1 shows the requested no-case guidance before a worklist case is open"},{"ancestorTitles":["PanelSubmission click actions"],"duration":5,"failureDetails":[],"failureMessages":[],"fullName":"PanelSubmission click actions C2 shows the requested no-case guidance before a worklist case is open","invocations":1,"location":null,"numPassingAsserts":1,"retryReasons":[],"status":"passed","title":"C2 shows the requested no-case guidance before a worklist case is open"},{"ancestorTitles":["PanelSubmission click actions"],"duration":50,"failureDetails":[],"failureMessages":[],"fullName":"PanelSubmission click actions C0 disables accept but submits edited manual annotation and reject decisions","invocations":1,"location":null,"numPassingAsserts":5,"retryReasons":[],"status":"passed","title":"C0 disables accept but submits edited manual annotation and reject decisions"},{"ancestorTitles":["PanelSubmission click actions"],"duration":11,"failureDetails":[],"failureMessages":[],"fullName":"PanelSubmission click actions C1 accepts the AI mask and submits edited annotations once the MONAILabel mask is ready","invocations":1,"location":null,"numPassingAsserts":4,"retryReasons":[],"status":"passed","title":"C1 accepts the AI mask and submits edited annotations once the MONAILabel mask is ready"},{"ancestorTitles":["PanelSubmission click actions"],"duration":11,"failureDetails":[],"failureMessages":[],"fullName":"PanelSubmission click actions C2 accepts the AI mask and submits edited annotations with uncertainty enabled","invocations":1,"location":null,"numPassingAsserts":4,"retryReasons":[],"status":"passed","title":"C2 accepts the AI mask and submits edited annotations with uncertainty enabled"},{"ancestorTitles":["PanelSubmission click actions"],"duration":23,"failureDetails":[],"failureMessages":[],"fullName":"PanelSubmission click actions C2 shows the MONAILabel AI mask status because it combines AI and uncertainty","invocations":1,"location":null,"numPassingAsserts":2,"retryReasons":[],"status":"passed","title":"C2 shows the MONAILabel AI mask status because it combines AI and uncertainty"}],"endTime":1785718016152,"message":"","name":"C:\\medical-imaging-platform\\ohif-viewer\\extensions\\extension-uncertainty\\src\\__tests__\\PanelSubmission.test.tsx","startTime":1785718013483,"status":"passed","summary":""},{"assertionResults":[{"ancestorTitles":["UncertaintyService — session"],"duration":13,"failureDetails":[],"failureMessages":[],"fullName":"UncertaintyService — session setSession updates state and configures the EventLogger","invocations":1,"location":null,"numPassingAsserts":2,"retryReasons":[],"status":"passed","title":"setSession updates state and configures the EventLogger"},{"ancestorTitles":["UncertaintyService — session"],"duration":1,"failureDetails":[],"failureMessages":[],"fullName":"UncertaintyService — session applySessionFromQuery accepts ?reviewer=&condition=","invocations":1,"location":null,"numPassingAsserts":2,"retryReasons":[],"status":"passed","title":"applySessionFromQuery accepts ?reviewer=&condition="},{"ancestorTitles":["UncertaintyService — session"],"duration":4,"failureDetails":[],"failureMessages":[],"fullName":"UncertaintyService — session applySessionFromQuery rejects invalid conditions","invocations":1,"location":null,"numPassingAsserts":2,"retryReasons":[],"status":"passed","title":"applySessionFromQuery rejects invalid conditions"},{"ancestorTitles":["UncertaintyService — session"],"duration":1,"failureDetails":[],"failureMessages":[],"fullName":"UncertaintyService — session applySessionFromQuery rejects missing reviewer","invocations":1,"location":null,"numPassingAsserts":1,"retryReasons":[],"status":"passed","title":"applySessionFromQuery rejects missing reviewer"},{"ancestorTitles":["UncertaintyService — runtime dependency configuration"],"duration":3,"failureDetails":[],"failureMessages":[],"fullName":"UncertaintyService — runtime dependency configuration replaces renderer, exporter, and segmentation importer after startup","invocations":1,"location":null,"numPassingAsserts":4,"retryReasons":[],"status":"passed","title":"replaces renderer, exporter, and segmentation importer after startup"},{"ancestorTitles":["UncertaintyService — runtime dependency configuration"],"duration":1,"failureDetails":[],"failureMessages":[],"fullName":"UncertaintyService — runtime dependency configuration replaces the API used for worklist, inference, and event logging after startup","invocations":1,"location":null,"numPassingAsserts":4,"retryReasons":[],"status":"passed","title":"replaces the API used for worklist, inference, and event logging after startup"},{"ancestorTitles":["UncertaintyService — worklist"],"duration":1,"failureDetails":[],"failureMessages":[],"fullName":"UncertaintyService — worklist refreshWorklist populates state and toggles isLoading","invocations":1,"location":null,"numPassingAsserts":4,"retryReasons":[],"status":"passed","title":"refreshWorklist populates state and toggles isLoading"},{"ancestorTitles":["UncertaintyService — worklist"],"duration":109,"failureDetails":[],"failureMessages":[],"fullName":"UncertaintyService — worklist refreshWorklist surfaces errors into state and re-throws","invocations":1,"location":null,"numPassingAsserts":2,"retryReasons":[],"status":"passed","title":"refreshWorklist surfaces errors into state and re-throws"},{"ancestorTitles":["UncertaintyService — worklist"],"duration":5,"failureDetails":[],"failureMessages":[],"fullName":"UncertaintyService — worklist setWorklistPolicy updates state immediately and triggers a refresh","invocations":1,"location":null,"numPassingAsserts":2,"retryReasons":[],"status":"passed","title":"setWorklistPolicy updates state immediately and triggers a refresh"},{"ancestorTitles":["UncertaintyService — worklist"],"duration":5,"failureDetails":[],"failureMessages":[],"fullName":"UncertaintyService — worklist setWorklistPolicy stores refresh errors without an unhandled rejection","invocations":1,"location":null,"numPassingAsserts":3,"retryReasons":[],"status":"passed","title":"setWorklistPolicy stores refresh errors without an unhandled rejection"},{"ancestorTitles":["UncertaintyService — case lifecycle by condition"],"duration":2,"failureDetails":[],"failureMessages":[],"fullName":"UncertaintyService — case lifecycle by condition C2: openCase imports the MONAILabel mask, attaches heatmap, makes it visible","invocations":1,"location":null,"numPassingAsserts":7,"retryReasons":[],"status":"passed","title":"C2: openCase imports the MONAILabel mask, attaches heatmap, makes it visible"},{"ancestorTitles":["UncertaintyService — case lifecycle by condition"],"duration":2,"failureDetails":[],"failureMessages":[],"fullName":"UncertaintyService — case lifecycle by condition updates the cached worklist score from the selected case inference result","invocations":1,"location":null,"numPassingAsserts":1,"retryReasons":[],"status":"passed","title":"updates the cached worklist score from the selected case inference result"},{"ancestorTitles":["UncertaintyService — case lifecycle by condition"],"duration":2,"failureDetails":[],"failureMessages":[],"fullName":"UncertaintyService — case lifecycle by condition C1: openCase imports the AI mask but skips the entropy heatmap","invocations":1,"location":null,"numPassingAsserts":5,"retryReasons":[],"status":"passed","title":"C1: openCase imports the AI mask but skips the entropy heatmap"},{"ancestorTitles":["UncertaintyService — case lifecycle by condition"],"duration":2,"failureDetails":[],"failureMessages":[],"fullName":"UncertaintyService — case lifecycle by condition opening a new C1/C2 case unloads any previously attached heatmap first","invocations":1,"location":null,"numPassingAsserts":4,"retryReasons":[],"status":"passed","title":"opening a new C1/C2 case unloads any previously attached heatmap first"},{"ancestorTitles":["UncertaintyService — case lifecycle by condition"],"duration":2,"failureDetails":[],"failureMessages":[],"fullName":"UncertaintyService — case lifecycle by condition C0: openManualCase marks the case current without inference, AI import, or heatmap loading","invocations":1,"location":null,"numPassingAsserts":5,"retryReasons":[],"status":"passed","title":"C0: openManualCase marks the case current without inference, AI import, or heatmap loading"},{"ancestorTitles":["UncertaintyService — case lifecycle by condition"],"duration":1,"failureDetails":[],"failureMessages":[],"fullName":"UncertaintyService — case lifecycle by condition C0: openCase still skips AI import and heatmap loading entirely when called directly","invocations":1,"location":null,"numPassingAsserts":3,"retryReasons":[],"status":"passed","title":"C0: openCase still skips AI import and heatmap loading entirely when called directly"},{"ancestorTitles":["UncertaintyService — case lifecycle by condition"],"duration":3,"failureDetails":[],"failureMessages":[],"fullName":"UncertaintyService — case lifecycle by condition surfaces AI segmentation import failures in state","invocations":1,"location":null,"numPassingAsserts":2,"retryReasons":[],"status":"passed","title":"surfaces AI segmentation import failures in state"},{"ancestorTitles":["UncertaintyService — case lifecycle by condition"],"duration":1,"failureDetails":[],"failureMessages":[],"fullName":"UncertaintyService — case lifecycle by condition C2 keeps the imported AI mask editable when heatmap loading fails","invocations":1,"location":null,"numPassingAsserts":4,"retryReasons":[],"status":"passed","title":"C2 keeps the imported AI mask editable when heatmap loading fails"},{"ancestorTitles":["UncertaintyService — case lifecycle by condition"],"duration":11,"failureDetails":[],"failureMessages":[],"fullName":"UncertaintyService — case lifecycle by condition closeCase logs case_close, removes AI mask, unloads heatmap, flushes events","invocations":1,"location":null,"numPassingAsserts":5,"retryReasons":[],"status":"passed","title":"closeCase logs case_close, removes AI mask, unloads heatmap, flushes events"},{"ancestorTitles":["UncertaintyService — heatmap controls"],"duration":2,"failureDetails":[],"failureMessages":[],"fullName":"UncertaintyService — heatmap controls setHeatmapVisible(true) is refused in C0/C1","invocations":1,"location":null,"numPassingAsserts":2,"retryReasons":[],"status":"passed","title":"setHeatmapVisible(true) is refused in C0/C1"},{"ancestorTitles":["UncertaintyService — heatmap controls"],"duration":82,"failureDetails":[],"failureMessages":[],"fullName":"UncertaintyService — heatmap controls setHeatmapVisible(false) is allowed in any condition","invocations":1,"location":null,"numPassingAsserts":1,"retryReasons":[],"status":"passed","title":"setHeatmapVisible(false) is allowed in any condition"},{"ancestorTitles":["UncertaintyService — heatmap controls"],"duration":1,"failureDetails":[],"failureMessages":[],"fullName":"UncertaintyService — heatmap controls toggleHeatmap flips and logs in C2","invocations":1,"location":null,"numPassingAsserts":4,"retryReasons":[],"status":"passed","title":"toggleHeatmap flips and logs in C2"},{"ancestorTitles":["UncertaintyService — heatmap controls"],"duration":1,"failureDetails":[],"failureMessages":[],"fullName":"UncertaintyService — heatmap controls setHeatmapOpacity clamps to [0, 1] and updates renderer","invocations":1,"location":null,"numPassingAsserts":3,"retryReasons":[],"status":"passed","title":"setHeatmapOpacity clamps to [0, 1] and updates renderer"},{"ancestorTitles":["UncertaintyService — reviewer actions (legacy convenience wrappers)"],"duration":0,"failureDetails":[],"failureMessages":[],"fullName":"UncertaintyService — reviewer actions (legacy convenience wrappers) accept / reject / escalate now route through submitAnnotation","invocations":1,"location":null,"numPassingAsserts":6,"retryReasons":[],"status":"passed","title":"accept / reject / escalate now route through submitAnnotation"},{"ancestorTitles":["UncertaintyService — reviewer actions (legacy convenience wrappers)"],"duration":1,"failureDetails":[],"failureMessages":[],"fullName":"UncertaintyService — reviewer actions (legacy convenience wrappers) throws when no current case is open","invocations":1,"location":null,"numPassingAsserts":1,"retryReasons":[],"status":"passed","title":"throws when no current case is open"},{"ancestorTitles":["UncertaintyService — subscribe"],"duration":0,"failureDetails":[],"failureMessages":[],"fullName":"UncertaintyService — subscribe subscribers are notified on state changes and unsubscribe cleanly","invocations":1,"location":null,"numPassingAsserts":1,"retryReasons":[],"status":"passed","title":"subscribers are notified on state changes and unsubscribe cleanly"},{"ancestorTitles":["UncertaintyService — openCase status update (Phase 6)"],"duration":2,"failureDetails":[],"failureMessages":[],"fullName":"UncertaintyService — openCase status update (Phase 6) marks the case in_review on openCase when a session is set","invocations":1,"location":null,"numPassingAsserts":2,"retryReasons":[],"status":"passed","title":"marks the case in_review on openCase when a session is set"},{"ancestorTitles":["UncertaintyService — openCase status update (Phase 6)"],"duration":17,"failureDetails":[],"failureMessages":[],"fullName":"UncertaintyService — openCase status update (Phase 6) does not update status if no session is set","invocations":1,"location":null,"numPassingAsserts":1,"retryReasons":[],"status":"passed","title":"does not update status if no session is set"},{"ancestorTitles":["UncertaintyService — openCase status update (Phase 6)"],"duration":14,"failureDetails":[],"failureMessages":[],"fullName":"UncertaintyService — openCase status update (Phase 6) survives an updateStatus failure without aborting openCase","invocations":1,"location":null,"numPassingAsserts":1,"retryReasons":[],"status":"passed","title":"survives an updateStatus failure without aborting openCase"},{"ancestorTitles":["UncertaintyService — submitAnnotation"],"duration":52,"failureDetails":[],"failureMessages":[],"fullName":"UncertaintyService — submitAnnotation happy path: calls exporter, posts to submissionApi, logs submit event","invocations":1,"location":null,"numPassingAsserts":7,"retryReasons":[],"status":"passed","title":"happy path: calls exporter, posts to submissionApi, logs submit event"},{"ancestorTitles":["UncertaintyService — submitAnnotation"],"duration":0,"failureDetails":[],"failureMessages":[],"fullName":"UncertaintyService — submitAnnotation rejection without a mask is allowed (no exporter call)","invocations":1,"location":null,"numPassingAsserts":1,"retryReasons":[],"status":"passed","title":"rejection without a mask is allowed (no exporter call)"},{"ancestorTitles":["UncertaintyService — submitAnnotation"],"duration":0,"failureDetails":[],"failureMessages":[],"fullName":"UncertaintyService — submitAnnotation throws when accepted but the exporter returns null","invocations":1,"location":null,"numPassingAsserts":1,"retryReasons":[],"status":"passed","title":"throws when accepted but the exporter returns null"},{"ancestorTitles":["UncertaintyService — submitAnnotation"],"duration":1,"failureDetails":[],"failureMessages":[],"fullName":"UncertaintyService — submitAnnotation throws and surfaces the error in state when the export throws","invocations":1,"location":null,"numPassingAsserts":3,"retryReasons":[],"status":"passed","title":"throws and surfaces the error in state when the export throws"},{"ancestorTitles":["UncertaintyService — submitAnnotation"],"duration":1,"failureDetails":[],"failureMessages":[],"fullName":"UncertaintyService — submitAnnotation throws and surfaces the error when the submit POST fails","invocations":1,"location":null,"numPassingAsserts":3,"retryReasons":[],"status":"passed","title":"throws and surfaces the error when the submit POST fails"},{"ancestorTitles":["UncertaintyService — submitAnnotation"],"duration":1,"failureDetails":[],"failureMessages":[],"fullName":"UncertaintyService — submitAnnotation refuses status=\"in_review\"","invocations":1,"location":null,"numPassingAsserts":1,"retryReasons":[],"status":"passed","title":"refuses status=\"in_review\""},{"ancestorTitles":["UncertaintyService — submitAnnotation"],"duration":1,"failureDetails":[],"failureMessages":[],"fullName":"UncertaintyService — submitAnnotation refuses to submit when no session is set","invocations":1,"location":null,"numPassingAsserts":1,"retryReasons":[],"status":"passed","title":"refuses to submit when no session is set"},{"ancestorTitles":["UncertaintyService — submitAnnotation"],"duration":1,"failureDetails":[],"failureMessages":[],"fullName":"UncertaintyService — submitAnnotation records the outcome in state.submission.lastOutcome","invocations":1,"location":null,"numPassingAsserts":3,"retryReasons":[],"status":"passed","title":"records the outcome in state.submission.lastOutcome"},{"ancestorTitles":["UncertaintyService — submitAnnotation"],"duration":0,"failureDetails":[],"failureMessages":[],"fullName":"UncertaintyService — submitAnnotation clears submission state on closeCase","invocations":1,"location":null,"numPassingAsserts":2,"retryReasons":[],"status":"passed","title":"clears submission state on closeCase"},{"ancestorTitles":["UncertaintyService — submitAnnotation"],"duration":68,"failureDetails":[],"failureMessages":[],"fullName":"UncertaintyService — submitAnnotation logs the right reviewer-intent event before the network call","invocations":1,"location":null,"numPassingAsserts":3,"retryReasons":[],"status":"passed","title":"logs the right reviewer-intent event before the network call"}],"endTime":1785718016491,"message":"","name":"C:\\medical-imaging-platform\\ohif-viewer\\extensions\\extension-uncertainty\\src\\__tests__\\UncertaintyService.test.ts","startTime":1785718013526,"status":"passed","summary":""},{"assertionResults":[{"ancestorTitles":["CommandsManager"],"duration":13,"failureDetails":[],"failureMessages":[],"fullName":"CommandsManager has a contexts property","invocations":1,"location":null,"numPassingAsserts":2,"retryReasons":[],"status":"passed","title":"has a contexts property"},{"ancestorTitles":["CommandsManager","createContext()"],"duration":0,"failureDetails":[],"failureMessages":[],"fullName":"CommandsManager createContext() creates a context","invocations":1,"location":null,"numPassingAsserts":1,"retryReasons":[],"status":"passed","title":"creates a context"},{"ancestorTitles":["CommandsManager","createContext()"],"duration":0,"failureDetails":[],"failureMessages":[],"fullName":"CommandsManager createContext() clears the context if it already exists","invocations":1,"location":null,"numPassingAsserts":1,"retryReasons":[],"status":"passed","title":"clears the context if it already exists"},{"ancestorTitles":["CommandsManager","getContext()"],"duration":1,"failureDetails":[],"failureMessages":[],"fullName":"CommandsManager getContext() returns all registered commands for a context","invocations":1,"location":null,"numPassingAsserts":2,"retryReasons":[],"status":"passed","title":"returns all registered commands for a context"},{"ancestorTitles":["CommandsManager","getContext()"],"duration":1,"failureDetails":[],"failureMessages":[],"fullName":"CommandsManager getContext() returns undefined if the context does not exist","invocations":1,"location":null,"numPassingAsserts":1,"retryReasons":[],"status":"passed","title":"returns undefined if the context does not exist"},{"ancestorTitles":["CommandsManager","clearContext()"],"duration":0,"failureDetails":[],"failureMessages":[],"fullName":"CommandsManager clearContext() clears all registered commands for a context","invocations":1,"location":null,"numPassingAsserts":1,"retryReasons":[],"status":"passed","title":"clears all registered commands for a context"},{"ancestorTitles":["CommandsManager","registerCommand()"],"duration":1,"failureDetails":[],"failureMessages":[],"fullName":"CommandsManager registerCommand() registers commands to a context","invocations":1,"location":null,"numPassingAsserts":2,"retryReasons":[],"status":"passed","title":"registers commands to a context"},{"ancestorTitles":["CommandsManager","getCommand()"],"duration":0,"failureDetails":[],"failureMessages":[],"fullName":"CommandsManager getCommand() returns undefined if context does not exist","invocations":1,"location":null,"numPassingAsserts":1,"retryReasons":[],"status":"passed","title":"returns undefined if context does not exist"},{"ancestorTitles":["CommandsManager","getCommand()"],"duration":0,"failureDetails":[],"failureMessages":[],"fullName":"CommandsManager getCommand() returns undefined if command does not exist in context","invocations":1,"location":null,"numPassingAsserts":1,"retryReasons":[],"status":"passed","title":"returns undefined if command does not exist in context"},{"ancestorTitles":["CommandsManager","getCommand()"],"duration":0,"failureDetails":[],"failureMessages":[],"fullName":"CommandsManager getCommand() uses contextName param to get command","invocations":1,"location":null,"numPassingAsserts":1,"retryReasons":[],"status":"passed","title":"uses contextName param to get command"},{"ancestorTitles":["CommandsManager","getCommand()"],"duration":0,"failureDetails":[],"failureMessages":[],"fullName":"CommandsManager getCommand() uses activeContexts, if contextName is not provided, to get command","invocations":1,"location":null,"numPassingAsserts":1,"retryReasons":[],"status":"passed","title":"uses activeContexts, if contextName is not provided, to get command"},{"ancestorTitles":["CommandsManager","getCommand()"],"duration":0,"failureDetails":[],"failureMessages":[],"fullName":"CommandsManager getCommand() returns the expected command","invocations":1,"location":null,"numPassingAsserts":1,"retryReasons":[],"status":"passed","title":"returns the expected command"},{"ancestorTitles":["CommandsManager","runCommand()"],"duration":1,"failureDetails":[],"failureMessages":[],"fullName":"CommandsManager runCommand() Logs a warning if commandName not found in context","invocations":1,"location":null,"numPassingAsserts":2,"retryReasons":[],"status":"passed","title":"Logs a warning if commandName not found in context"},{"ancestorTitles":["CommandsManager","runCommand()"],"duration":0,"failureDetails":[],"failureMessages":[],"fullName":"CommandsManager runCommand() Logs a warning if command definition does not have a commandFn","invocations":1,"location":null,"numPassingAsserts":2,"retryReasons":[],"status":"passed","title":"Logs a warning if command definition does not have a commandFn"},{"ancestorTitles":["CommandsManager","runCommand()"],"duration":1,"failureDetails":[],"failureMessages":[],"fullName":"CommandsManager runCommand() Calls commandFn","invocations":1,"location":null,"numPassingAsserts":1,"retryReasons":[],"status":"passed","title":"Calls commandFn"},{"ancestorTitles":["CommandsManager","runCommand()"],"duration":6,"failureDetails":[],"failureMessages":[],"fullName":"CommandsManager runCommand() Calls commandFn w/ command definition options","invocations":1,"location":null,"numPassingAsserts":2,"retryReasons":[],"status":"passed","title":"Calls commandFn w/ command definition options"},{"ancestorTitles":["CommandsManager","runCommand()"],"duration":1,"failureDetails":[],"failureMessages":[],"fullName":"CommandsManager runCommand() Calls commandFn w/ runCommand \"options\" parameter","invocations":1,"location":null,"numPassingAsserts":2,"retryReasons":[],"status":"passed","title":"Calls commandFn w/ runCommand \"options\" parameter"},{"ancestorTitles":["CommandsManager","runCommand()"],"duration":0,"failureDetails":[],"failureMessages":[],"fullName":"CommandsManager runCommand() Returns the result of commandFn","invocations":1,"location":null,"numPassingAsserts":2,"retryReasons":[],"status":"passed","title":"Returns the result of commandFn"}],"endTime":1785718016500,"message":"","name":"C:\\medical-imaging-platform\\ohif-viewer\\platform\\core\\src\\classes\\CommandsManager.test.js","startTime":1785718013531,"status":"passed","summary":""},{"assertionResults":[{"ancestorTitles":["Hook Session Storage"],"duration":41,"failureDetails":[],"failureMessages":[],"fullName":"Hook Session Storage hook should return state and setState","invocations":1,"location":null,"numPassingAsserts":2,"retryReasons":[],"status":"passed","title":"hook should return state and setState"},{"ancestorTitles":["Hook Session Storage"],"duration":4,"failureDetails":[],"failureMessages":[],"fullName":"Hook Session Storage hook should store data on sessionStorage","invocations":1,"location":null,"numPassingAsserts":1,"retryReasons":[],"status":"passed","title":"hook should store data on sessionStorage"},{"ancestorTitles":["Hook Session Storage"],"duration":3,"failureDetails":[],"failureMessages":[],"fullName":"Hook Session Storage hook should return stored data from sessionStorage","invocations":1,"location":null,"numPassingAsserts":1,"retryReasons":[],"status":"passed","title":"hook should return stored data from sessionStorage"},{"ancestorTitles":["Hook Session Storage"],"duration":4,"failureDetails":[],"failureMessages":[],"fullName":"Hook Session Storage hook should provide a setState method which updates its state","invocations":1,"location":null,"numPassingAsserts":2,"retryReasons":[],"status":"passed","title":"hook should provide a setState method which updates its state"},{"ancestorTitles":["Hook Session Storage"],"duration":7,"failureDetails":[],"failureMessages":[],"fullName":"Hook Session Storage hook state must be preserved in case rerender","invocations":1,"location":null,"numPassingAsserts":2,"retryReasons":[],"status":"passed","title":"hook state must be preserved in case rerender"},{"ancestorTitles":["Hook Session Storage"],"duration":5,"failureDetails":[],"failureMessages":[],"fullName":"Hook Session Storage hook state must be preserved in case multiple operations and rerender","invocations":1,"location":null,"numPassingAsserts":2,"retryReasons":[],"status":"passed","title":"hook state must be preserved in case multiple operations and rerender"}],"endTime":1785718016500,"message":"","name":"C:\\medical-imaging-platform\\ohif-viewer\\platform\\ui\\src\\hooks\\useSessionStorage.test.js","startTime":1785718013481,"status":"passed","summary":""},{"assertionResults":[{"ancestorTitles":["PanelWorklist lifecycle refresh"],"duration":61,"failureDetails":[],"failureMessages":[],"fullName":"PanelWorklist lifecycle refresh contains refresh failures from the mount effect","invocations":1,"location":null,"numPassingAsserts":2,"retryReasons":[],"status":"passed","title":"contains refresh failures from the mount effect"},{"ancestorTitles":["PanelWorklist lifecycle refresh"],"duration":40,"failureDetails":[],"failureMessages":[],"fullName":"PanelWorklist lifecycle refresh marks the selected case failed when the async open command rejects","invocations":1,"location":null,"numPassingAsserts":2,"retryReasons":[],"status":"passed","title":"marks the selected case failed when the async open command rejects"}],"endTime":1785718016531,"message":"","name":"C:\\medical-imaging-platform\\ohif-viewer\\extensions\\extension-uncertainty\\src\\__tests__\\PanelWorklist.test.tsx","startTime":1785718013766,"status":"passed","summary":""},{"assertionResults":[{"ancestorTitles":["buildTransferFunctions"],"duration":2,"failureDetails":[],"failureMessages":[],"fullName":"buildTransferFunctions produces 5 colour stops spanning [0, maxEntropy]","invocations":1,"location":null,"numPassingAsserts":7,"retryReasons":[],"status":"passed","title":"produces 5 colour stops spanning [0, maxEntropy]"},{"ancestorTitles":["buildTransferFunctions"],"duration":1,"failureDetails":[],"failureMessages":[],"fullName":"buildTransferFunctions produces an opacity ramp that is 0 at x=0 and at the suppress knee","invocations":1,"location":null,"numPassingAsserts":5,"retryReasons":[],"status":"passed","title":"produces an opacity ramp that is 0 at x=0 and at the suppress knee"},{"ancestorTitles":["buildTransferFunctions"],"duration":1,"failureDetails":[],"failureMessages":[],"fullName":"buildTransferFunctions honours baseOpacity scaling at the earlyPeak","invocations":1,"location":null,"numPassingAsserts":6,"retryReasons":[],"status":"passed","title":"honours baseOpacity scaling at the earlyPeak"},{"ancestorTitles":["buildTransferFunctions"],"duration":0,"failureDetails":[],"failureMessages":[],"fullName":"buildTransferFunctions clamps baseOpacity into [0, 1]","invocations":1,"location":null,"numPassingAsserts":2,"retryReasons":[],"status":"passed","title":"clamps baseOpacity into [0, 1]"},{"ancestorTitles":["buildTransferFunctions"],"duration":23,"failureDetails":[],"failureMessages":[],"fullName":"buildTransferFunctions throws on non-positive maxEntropy","invocations":1,"location":null,"numPassingAsserts":2,"retryReasons":[],"status":"passed","title":"throws on non-positive maxEntropy"},{"ancestorTitles":["buildTransferFunctions"],"duration":0,"failureDetails":[],"failureMessages":[],"fullName":"buildTransferFunctions uses ln(2) as the default maxEntropy (binary case)","invocations":1,"location":null,"numPassingAsserts":1,"retryReasons":[],"status":"passed","title":"uses ln(2) as the default maxEntropy (binary case)"}],"endTime":1785718016742,"message":"","name":"C:\\medical-imaging-platform\\ohif-viewer\\extensions\\extension-uncertainty\\src\\__tests__\\transferFunctions.test.ts","startTime":1785718016214,"status":"passed","summary":""},{"assertionResults":[{"ancestorTitles":["CustomizationService.ts","init"],"duration":11,"failureDetails":[],"failureMessages":[],"fullName":"CustomizationService.ts init init succeeds","invocations":1,"location":null,"numPassingAsserts":0,"retryReasons":[],"status":"passed","title":"init succeeds"},{"ancestorTitles":["CustomizationService.ts","init"],"duration":2,"failureDetails":[],"failureMessages":[],"fullName":"CustomizationService.ts init configurationRegistered","invocations":1,"location":null,"numPassingAsserts":1,"retryReasons":[],"status":"passed","title":"configurationRegistered"},{"ancestorTitles":["CustomizationService.ts","init"],"duration":1,"failureDetails":[],"failureMessages":[],"fullName":"CustomizationService.ts init defaultRegistered","invocations":1,"location":null,"numPassingAsserts":1,"retryReasons":[],"status":"passed","title":"defaultRegistered"},{"ancestorTitles":["CustomizationService.ts","customizationType"],"duration":0,"failureDetails":[],"failureMessages":[],"fullName":"CustomizationService.ts customizationType inherits type","invocations":1,"location":null,"numPassingAsserts":3,"retryReasons":[],"status":"passed","title":"inherits type"},{"ancestorTitles":["CustomizationService.ts","customizationType"],"duration":1,"failureDetails":[],"failureMessages":[],"fullName":"CustomizationService.ts customizationType inline default inherits type","invocations":1,"location":null,"numPassingAsserts":3,"retryReasons":[],"status":"passed","title":"inline default inherits type"},{"ancestorTitles":["CustomizationService.ts","mode customization"],"duration":1,"failureDetails":[],"failureMessages":[],"fullName":"CustomizationService.ts mode customization onModeEnter can add extensions","invocations":1,"location":null,"numPassingAsserts":5,"retryReasons":[],"status":"passed","title":"onModeEnter can add extensions"},{"ancestorTitles":["CustomizationService.ts","mode customization"],"duration":1,"failureDetails":[],"failureMessages":[],"fullName":"CustomizationService.ts mode customization global customizations override modes","invocations":1,"location":null,"numPassingAsserts":2,"retryReasons":[],"status":"passed","title":"global customizations override modes"}],"endTime":1785718016748,"message":"","name":"C:\\medical-imaging-platform\\ohif-viewer\\platform\\core\\src\\services\\CustomizationService\\CustomizationService.test.js","startTime":1785718013517,"status":"passed","summary":""},{"assertionResults":[{"ancestorTitles":["getAuthorizationHeader"],"duration":2,"failureDetails":[],"failureMessages":[],"fullName":"getAuthorizationHeader should return a HTTP Basic Auth when server contains requestOptions.auth","invocations":1,"location":null,"numPassingAsserts":1,"retryReasons":[],"status":"passed","title":"should return a HTTP Basic Auth when server contains requestOptions.auth"},{"ancestorTitles":["getAuthorizationHeader"],"duration":0,"failureDetails":[],"failureMessages":[],"fullName":"getAuthorizationHeader should return a HTTP Basic Auth when server contains requestOptions.auth even though there is no password","invocations":1,"location":null,"numPassingAsserts":1,"retryReasons":[],"status":"passed","title":"should return a HTTP Basic Auth when server contains requestOptions.auth even though there is no password"},{"ancestorTitles":["getAuthorizationHeader"],"duration":1,"failureDetails":[],"failureMessages":[],"fullName":"getAuthorizationHeader should return a HTTP Basic Auth when server contains requestOptions.auth custom function","invocations":1,"location":null,"numPassingAsserts":1,"retryReasons":[],"status":"passed","title":"should return a HTTP Basic Auth when server contains requestOptions.auth custom function"},{"ancestorTitles":["getAuthorizationHeader"],"duration":3,"failureDetails":[],"failureMessages":[],"fullName":"getAuthorizationHeader should return an empty object when there is no either server.requestOptions.auth or accessToken","invocations":1,"location":null,"numPassingAsserts":1,"retryReasons":[],"status":"passed","title":"should return an empty object when there is no either server.requestOptions.auth or accessToken"},{"ancestorTitles":["getAuthorizationHeader"],"duration":1,"failureDetails":[],"failureMessages":[],"fullName":"getAuthorizationHeader should return an Authorization with accessToken when server is not defined and there is an accessToken","invocations":1,"location":null,"numPassingAsserts":1,"retryReasons":[],"status":"passed","title":"should return an Authorization with accessToken when server is not defined and there is an accessToken"}],"endTime":1785718017005,"message":"","name":"C:\\medical-imaging-platform\\ohif-viewer\\platform\\core\\src\\DICOMWeb\\getAuthorizationHeader.test.js","startTime":1785718016525,"status":"passed","summary":""},{"assertionResults":[{"ancestorTitles":["hierarchicalListUtils","getItem"],"duration":19,"failureDetails":[],"failureMessages":[],"fullName":"hierarchicalListUtils getItem should retrieve elements from a list by index","invocations":1,"location":null,"numPassingAsserts":4,"retryReasons":[],"status":"passed","title":"should retrieve elements from a list by index"},{"ancestorTitles":["hierarchicalListUtils","getItem"],"duration":2,"failureDetails":[],"failureMessages":[],"fullName":"hierarchicalListUtils getItem should retrieve elements from a list by path","invocations":1,"location":null,"numPassingAsserts":13,"retryReasons":[],"status":"passed","title":"should retrieve elements from a list by path"},{"ancestorTitles":["hierarchicalListUtils","addToList"],"duration":3,"failureDetails":[],"failureMessages":[],"fullName":"hierarchicalListUtils addToList should support adding elements to a list hierarchically","invocations":1,"location":null,"numPassingAsserts":1,"retryReasons":[],"status":"passed","title":"should support adding elements to a list hierarchically"},{"ancestorTitles":["hierarchicalListUtils","addToList"],"duration":3,"failureDetails":[],"failureMessages":[],"fullName":"hierarchicalListUtils addToList should change leaf nodes into non-leaf nodes","invocations":1,"location":null,"numPassingAsserts":2,"retryReasons":[],"status":"passed","title":"should change leaf nodes into non-leaf nodes"},{"ancestorTitles":["hierarchicalListUtils","forEach"],"duration":3,"failureDetails":[],"failureMessages":[],"fullName":"hierarchicalListUtils forEach should iterate through all leaf nodes of the tree","invocations":1,"location":null,"numPassingAsserts":7,"retryReasons":[],"status":"passed","title":"should iterate through all leaf nodes of the tree"},{"ancestorTitles":["hierarchicalListUtils","print"],"duration":3,"failureDetails":[],"failureMessages":[],"fullName":"hierarchicalListUtils print should pretty-print the hierarchical list","invocations":1,"location":null,"numPassingAsserts":1,"retryReasons":[],"status":"passed","title":"should pretty-print the hierarchical list"}],"endTime":1785718017045,"message":"","name":"C:\\medical-imaging-platform\\ohif-viewer\\platform\\core\\src\\utils\\hierarchicalListUtils.test.js","startTime":1785718013567,"status":"passed","summary":""},{"assertionResults":[{"ancestorTitles":["isImage"],"duration":15,"failureDetails":[],"failureMessages":[],"fullName":"isImage should return true when the image is of type sopClassDictionary.ComputedRadiographyImageStorage","invocations":1,"location":null,"numPassingAsserts":1,"retryReasons":[],"status":"passed","title":"should return true when the image is of type sopClassDictionary.ComputedRadiographyImageStorage"},{"ancestorTitles":["isImage"],"duration":1,"failureDetails":[],"failureMessages":[],"fullName":"isImage should return true when the image is of type sopClassDictionary.DigitalXRayImageStorageForPresentation","invocations":1,"location":null,"numPassingAsserts":1,"retryReasons":[],"status":"passed","title":"should return true when the image is of type sopClassDictionary.DigitalXRayImageStorageForPresentation"},{"ancestorTitles":["isImage"],"duration":0,"failureDetails":[],"failureMessages":[],"fullName":"isImage should return true when the image is of type sopClassDictionary.DigitalXRayImageStorageForProcessing","invocations":1,"location":null,"numPassingAsserts":1,"retryReasons":[],"status":"passed","title":"should return true when the image is of type sopClassDictionary.DigitalXRayImageStorageForProcessing"},{"ancestorTitles":["isImage"],"duration":0,"failureDetails":[],"failureMessages":[],"fullName":"isImage should return true when the image is of type sopClassDictionary.DigitalMammographyXRayImageStorageForPresentation","invocations":1,"location":null,"numPassingAsserts":1,"retryReasons":[],"status":"passed","title":"should return true when the image is of type sopClassDictionary.DigitalMammographyXRayImageStorageForPresentation"},{"ancestorTitles":["isImage"],"duration":1,"failureDetails":[],"failureMessages":[],"fullName":"isImage should return true when the image is of type sopClassDictionary.DigitalMammographyXRayImageStorageForProcessing","invocations":1,"location":null,"numPassingAsserts":1,"retryReasons":[],"status":"passed","title":"should return true when the image is of type sopClassDictionary.DigitalMammographyXRayImageStorageForProcessing"},{"ancestorTitles":["isImage"],"duration":0,"failureDetails":[],"failureMessages":[],"fullName":"isImage should return true when the image is of type sopClassDictionary.DigitalIntraOralXRayImageStorageForPresentation","invocations":1,"location":null,"numPassingAsserts":1,"retryReasons":[],"status":"passed","title":"should return true when the image is of type sopClassDictionary.DigitalIntraOralXRayImageStorageForPresentation"},{"ancestorTitles":["isImage"],"duration":0,"failureDetails":[],"failureMessages":[],"fullName":"isImage should return true when the image is of type sopClassDictionary.DigitalIntraOralXRayImageStorageForProcessing","invocations":1,"location":null,"numPassingAsserts":1,"retryReasons":[],"status":"passed","title":"should return true when the image is of type sopClassDictionary.DigitalIntraOralXRayImageStorageForProcessing"},{"ancestorTitles":["isImage"],"duration":0,"failureDetails":[],"failureMessages":[],"fullName":"isImage should return true when the image is of type sopClassDictionary.CTImageStorage","invocations":1,"location":null,"numPassingAsserts":1,"retryReasons":[],"status":"passed","title":"should return true when the image is of type sopClassDictionary.CTImageStorage"},{"ancestorTitles":["isImage"],"duration":0,"failureDetails":[],"failureMessages":[],"fullName":"isImage should return true when the image is of type sopClassDictionary.EnhancedCTImageStorage","invocations":1,"location":null,"numPassingAsserts":1,"retryReasons":[],"status":"passed","title":"should return true when the image is of type sopClassDictionary.EnhancedCTImageStorage"},{"ancestorTitles":["isImage"],"duration":0,"failureDetails":[],"failureMessages":[],"fullName":"isImage should return true when the image is of type sopClassDictionary.LegacyConvertedEnhancedCTImageStorage","invocations":1,"location":null,"numPassingAsserts":1,"retryReasons":[],"status":"passed","title":"should return true when the image is of type sopClassDictionary.LegacyConvertedEnhancedCTImageStorage"},{"ancestorTitles":["isImage"],"duration":0,"failureDetails":[],"failureMessages":[],"fullName":"isImage should return true when the image is of type sopClassDictionary.UltrasoundMultiframeImageStorage","invocations":1,"location":null,"numPassingAsserts":1,"retryReasons":[],"status":"passed","title":"should return true when the image is of type sopClassDictionary.UltrasoundMultiframeImageStorage"},{"ancestorTitles":["isImage"],"duration":1,"failureDetails":[],"failureMessages":[],"fullName":"isImage should return true when the image is of type sopClassDictionary.MRImageStorage","invocations":1,"location":null,"numPassingAsserts":1,"retryReasons":[],"status":"passed","title":"should return true when the image is of type sopClassDictionary.MRImageStorage"},{"ancestorTitles":["isImage"],"duration":0,"failureDetails":[],"failureMessages":[],"fullName":"isImage should return true when the image is of type sopClassDictionary.EnhancedMRImageStorage","invocations":1,"location":null,"numPassingAsserts":1,"retryReasons":[],"status":"passed","title":"should return true when the image is of type sopClassDictionary.EnhancedMRImageStorage"},{"ancestorTitles":["isImage"],"duration":0,"failureDetails":[],"failureMessages":[],"fullName":"isImage should return true when the image is of type sopClassDictionary.EnhancedMRColorImageStorage","invocations":1,"location":null,"numPassingAsserts":1,"retryReasons":[],"status":"passed","title":"should return true when the image is of type sopClassDictionary.EnhancedMRColorImageStorage"},{"ancestorTitles":["isImage"],"duration":0,"failureDetails":[],"failureMessages":[],"fullName":"isImage should return true when the image is of type sopClassDictionary.LegacyConvertedEnhancedMRImageStorage","invocations":1,"location":null,"numPassingAsserts":1,"retryReasons":[],"status":"passed","title":"should return true when the image is of type sopClassDictionary.LegacyConvertedEnhancedMRImageStorage"},{"ancestorTitles":["isImage"],"duration":0,"failureDetails":[],"failureMessages":[],"fullName":"isImage should return true when the image is of type sopClassDictionary.UltrasoundImageStorage","invocations":1,"location":null,"numPassingAsserts":1,"retryReasons":[],"status":"passed","title":"should return true when the image is of type sopClassDictionary.UltrasoundImageStorage"},{"ancestorTitles":["isImage"],"duration":0,"failureDetails":[],"failureMessages":[],"fullName":"isImage should return true when the image is of type sopClassDictionary.SecondaryCaptureImageStorage","invocations":1,"location":null,"numPassingAsserts":1,"retryReasons":[],"status":"passed","title":"should return true when the image is of type sopClassDictionary.SecondaryCaptureImageStorage"},{"ancestorTitles":["isImage"],"duration":1,"failureDetails":[],"failureMessages":[],"fullName":"isImage should return true when the image is of type sopClassDictionary.MultiframeSingleBitSecondaryCaptureImageStorage","invocations":1,"location":null,"numPassingAsserts":1,"retryReasons":[],"status":"passed","title":"should return true when the image is of type sopClassDictionary.MultiframeSingleBitSecondaryCaptureImageStorage"},{"ancestorTitles":["isImage"],"duration":0,"failureDetails":[],"failureMessages":[],"fullName":"isImage should return true when the image is of type sopClassDictionary.MultiframeGrayscaleByteSecondaryCaptureImageStorage","invocations":1,"location":null,"numPassingAsserts":1,"retryReasons":[],"status":"passed","title":"should return true when the image is of type sopClassDictionary.MultiframeGrayscaleByteSecondaryCaptureImageStorage"},{"ancestorTitles":["isImage"],"duration":0,"failureDetails":[],"failureMessages":[],"fullName":"isImage should return true when the image is of type sopClassDictionary.MultiframeGrayscaleWordSecondaryCaptureImageStorage","invocations":1,"location":null,"numPassingAsserts":1,"retryReasons":[],"status":"passed","title":"should return true when the image is of type sopClassDictionary.MultiframeGrayscaleWordSecondaryCaptureImageStorage"},{"ancestorTitles":["isImage"],"duration":0,"failureDetails":[],"failureMessages":[],"fullName":"isImage should return true when the image is of type sopClassDictionary.MultiframeTrueColorSecondaryCaptureImageStorage","invocations":1,"location":null,"numPassingAsserts":1,"retryReasons":[],"status":"passed","title":"should return true when the image is of type sopClassDictionary.MultiframeTrueColorSecondaryCaptureImageStorage"},{"ancestorTitles":["isImage"],"duration":0,"failureDetails":[],"failureMessages":[],"fullName":"isImage should return true when the image is of type sopClassDictionary.XRayAngiographicImageStorage","invocations":1,"location":null,"numPassingAsserts":1,"retryReasons":[],"status":"passed","title":"should return true when the image is of type sopClassDictionary.XRayAngiographicImageStorage"},{"ancestorTitles":["isImage"],"duration":0,"failureDetails":[],"failureMessages":[],"fullName":"isImage should return true when the image is of type sopClassDictionary.EnhancedXAImageStorage","invocations":1,"location":null,"numPassingAsserts":1,"retryReasons":[],"status":"passed","title":"should return true when the image is of type sopClassDictionary.EnhancedXAImageStorage"},{"ancestorTitles":["isImage"],"duration":0,"failureDetails":[],"failureMessages":[],"fullName":"isImage should return true when the image is of type sopClassDictionary.XRayRadiofluoroscopicImageStorage","invocations":1,"location":null,"numPassingAsserts":1,"retryReasons":[],"status":"passed","title":"should return true when the image is of type sopClassDictionary.XRayRadiofluoroscopicImageStorage"},{"ancestorTitles":["isImage"],"duration":0,"failureDetails":[],"failureMessages":[],"fullName":"isImage should return true when the image is of type sopClassDictionary.EnhancedXRFImageStorage","invocations":1,"location":null,"numPassingAsserts":1,"retryReasons":[],"status":"passed","title":"should return true when the image is of type sopClassDictionary.EnhancedXRFImageStorage"},{"ancestorTitles":["isImage"],"duration":0,"failureDetails":[],"failureMessages":[],"fullName":"isImage should return true when the image is of type sopClassDictionary.XRay3DAngiographicImageStorage","invocations":1,"location":null,"numPassingAsserts":1,"retryReasons":[],"status":"passed","title":"should return true when the image is of type sopClassDictionary.XRay3DAngiographicImageStorage"},{"ancestorTitles":["isImage"],"duration":0,"failureDetails":[],"failureMessages":[],"fullName":"isImage should return true when the image is of type sopClassDictionary.XRay3DCraniofacialImageStorage","invocations":1,"location":null,"numPassingAsserts":1,"retryReasons":[],"status":"passed","title":"should return true when the image is of type sopClassDictionary.XRay3DCraniofacialImageStorage"},{"ancestorTitles":["isImage"],"duration":1,"failureDetails":[],"failureMessages":[],"fullName":"isImage should return true when the image is of type sopClassDictionary.BreastTomosynthesisImageStorage","invocations":1,"location":null,"numPassingAsserts":1,"retryReasons":[],"status":"passed","title":"should return true when the image is of type sopClassDictionary.BreastTomosynthesisImageStorage"},{"ancestorTitles":["isImage"],"duration":0,"failureDetails":[],"failureMessages":[],"fullName":"isImage should return true when the image is of type sopClassDictionary.BreastProjectionXRayImageStorageForPresentation","invocations":1,"location":null,"numPassingAsserts":1,"retryReasons":[],"status":"passed","title":"should return true when the image is of type sopClassDictionary.BreastProjectionXRayImageStorageForPresentation"},{"ancestorTitles":["isImage"],"duration":0,"failureDetails":[],"failureMessages":[],"fullName":"isImage should return true when the image is of type sopClassDictionary.BreastProjectionXRayImageStorageForProcessing","invocations":1,"location":null,"numPassingAsserts":1,"retryReasons":[],"status":"passed","title":"should return true when the image is of type sopClassDictionary.BreastProjectionXRayImageStorageForProcessing"},{"ancestorTitles":["isImage"],"duration":0,"failureDetails":[],"failureMessages":[],"fullName":"isImage should return true when the image is of type sopClassDictionary.IntravascularOpticalCoherenceTomographyImageStorageForPresentation","invocations":1,"location":null,"numPassingAsserts":1,"retryReasons":[],"status":"passed","title":"should return true when the image is of type sopClassDictionary.IntravascularOpticalCoherenceTomographyImageStorageForPresentation"},{"ancestorTitles":["isImage"],"duration":0,"failureDetails":[],"failureMessages":[],"fullName":"isImage should return true when the image is of type sopClassDictionary.IntravascularOpticalCoherenceTomographyImageStorageForProcessing","invocations":1,"location":null,"numPassingAsserts":1,"retryReasons":[],"status":"passed","title":"should return true when the image is of type sopClassDictionary.IntravascularOpticalCoherenceTomographyImageStorageForProcessing"},{"ancestorTitles":["isImage"],"duration":1,"failureDetails":[],"failureMessages":[],"fullName":"isImage should return true when the image is of type sopClassDictionary.NuclearMedicineImageStorage","invocations":1,"location":null,"numPassingAsserts":1,"retryReasons":[],"status":"passed","title":"should return true when the image is of type sopClassDictionary.NuclearMedicineImageStorage"},{"ancestorTitles":["isImage"],"duration":0,"failureDetails":[],"failureMessages":[],"fullName":"isImage should return true when the image is of type sopClassDictionary.VLEndoscopicImageStorage","invocations":1,"location":null,"numPassingAsserts":1,"retryReasons":[],"status":"passed","title":"should return true when the image is of type sopClassDictionary.VLEndoscopicImageStorage"},{"ancestorTitles":["isImage"],"duration":0,"failureDetails":[],"failureMessages":[],"fullName":"isImage should return true when the image is of type sopClassDictionary.VideoEndoscopicImageStorage","invocations":1,"location":null,"numPassingAsserts":1,"retryReasons":[],"status":"passed","title":"should return true when the image is of type sopClassDictionary.VideoEndoscopicImageStorage"},{"ancestorTitles":["isImage"],"duration":0,"failureDetails":[],"failureMessages":[],"fullName":"isImage should return true when the image is of type sopClassDictionary.VLMicroscopicImageStorage","invocations":1,"location":null,"numPassingAsserts":1,"retryReasons":[],"status":"passed","title":"should return true when the image is of type sopClassDictionary.VLMicroscopicImageStorage"},{"ancestorTitles":["isImage"],"duration":1,"failureDetails":[],"failureMessages":[],"fullName":"isImage should return true when the image is of type sopClassDictionary.VideoMicroscopicImageStorage","invocations":1,"location":null,"numPassingAsserts":1,"retryReasons":[],"status":"passed","title":"should return true when the image is of type sopClassDictionary.VideoMicroscopicImageStorage"},{"ancestorTitles":["isImage"],"duration":0,"failureDetails":[],"failureMessages":[],"fullName":"isImage should return true when the image is of type sopClassDictionary.VLSlideCoordinatesMicroscopicImageStorage","invocations":1,"location":null,"numPassingAsserts":1,"retryReasons":[],"status":"passed","title":"should return true when the image is of type sopClassDictionary.VLSlideCoordinatesMicroscopicImageStorage"},{"ancestorTitles":["isImage"],"duration":0,"failureDetails":[],"failureMessages":[],"fullName":"isImage should return true when the image is of type sopClassDictionary.VLPhotographicImageStorage","invocations":1,"location":null,"numPassingAsserts":1,"retryReasons":[],"status":"passed","title":"should return true when the image is of type sopClassDictionary.VLPhotographicImageStorage"},{"ancestorTitles":["isImage"],"duration":0,"failureDetails":[],"failureMessages":[],"fullName":"isImage should return true when the image is of type sopClassDictionary.VideoPhotographicImageStorage","invocations":1,"location":null,"numPassingAsserts":1,"retryReasons":[],"status":"passed","title":"should return true when the image is of type sopClassDictionary.VideoPhotographicImageStorage"},{"ancestorTitles":["isImage"],"duration":0,"failureDetails":[],"failureMessages":[],"fullName":"isImage should return true when the image is of type sopClassDictionary.OphthalmicPhotography8BitImageStorage","invocations":1,"location":null,"numPassingAsserts":1,"retryReasons":[],"status":"passed","title":"should return true when the image is of type sopClassDictionary.OphthalmicPhotography8BitImageStorage"},{"ancestorTitles":["isImage"],"duration":0,"failureDetails":[],"failureMessages":[],"fullName":"isImage should return true when the image is of type sopClassDictionary.OphthalmicPhotography16BitImageStorage","invocations":1,"location":null,"numPassingAsserts":1,"retryReasons":[],"status":"passed","title":"should return true when the image is of type sopClassDictionary.OphthalmicPhotography16BitImageStorage"},{"ancestorTitles":["isImage"],"duration":1,"failureDetails":[],"failureMessages":[],"fullName":"isImage should return true when the image is of type sopClassDictionary.OphthalmicTomographyImageStorage","invocations":1,"location":null,"numPassingAsserts":1,"retryReasons":[],"status":"passed","title":"should return true when the image is of type sopClassDictionary.OphthalmicTomographyImageStorage"},{"ancestorTitles":["isImage"],"duration":0,"failureDetails":[],"failureMessages":[],"fullName":"isImage should return true when the image is of type sopClassDictionary.VLWholeSlideMicroscopyImageStorage","invocations":1,"location":null,"numPassingAsserts":1,"retryReasons":[],"status":"passed","title":"should return true when the image is of type sopClassDictionary.VLWholeSlideMicroscopyImageStorage"},{"ancestorTitles":["isImage"],"duration":1,"failureDetails":[],"failureMessages":[],"fullName":"isImage should return true when the image is of type sopClassDictionary.PositronEmissionTomographyImageStorage","invocations":1,"location":null,"numPassingAsserts":1,"retryReasons":[],"status":"passed","title":"should return true when the image is of type sopClassDictionary.PositronEmissionTomographyImageStorage"},{"ancestorTitles":["isImage"],"duration":0,"failureDetails":[],"failureMessages":[],"fullName":"isImage should return true when the image is of type sopClassDictionary.EnhancedPETImageStorage","invocations":1,"location":null,"numPassingAsserts":1,"retryReasons":[],"status":"passed","title":"should return true when the image is of type sopClassDictionary.EnhancedPETImageStorage"},{"ancestorTitles":["isImage"],"duration":0,"failureDetails":[],"failureMessages":[],"fullName":"isImage should return true when the image is of type sopClassDictionary.LegacyConvertedEnhancedPETImageStorage","invocations":1,"location":null,"numPassingAsserts":1,"retryReasons":[],"status":"passed","title":"should return true when the image is of type sopClassDictionary.LegacyConvertedEnhancedPETImageStorage"},{"ancestorTitles":["isImage"],"duration":0,"failureDetails":[],"failureMessages":[],"fullName":"isImage should return true when the image is of type sopClassDictionary.RTImageStorage","invocations":1,"location":null,"numPassingAsserts":1,"retryReasons":[],"status":"passed","title":"should return true when the image is of type sopClassDictionary.RTImageStorage"},{"ancestorTitles":["isImage"],"duration":1,"failureDetails":[],"failureMessages":[],"fullName":"isImage should return false when the image is of type sopClassDictionary.SpatialFiducialsStorage","invocations":1,"location":null,"numPassingAsserts":1,"retryReasons":[],"status":"passed","title":"should return false when the image is of type sopClassDictionary.SpatialFiducialsStorage"},{"ancestorTitles":["isImage"],"duration":0,"failureDetails":[],"failureMessages":[],"fullName":"isImage should return false when the image is undefined","invocations":1,"location":null,"numPassingAsserts":1,"retryReasons":[],"status":"passed","title":"should return false when the image is undefined"},{"ancestorTitles":["isImage"],"duration":1,"failureDetails":[],"failureMessages":[],"fullName":"isImage should return false when the image is null","invocations":1,"location":null,"numPassingAsserts":1,"retryReasons":[],"status":"passed","title":"should return false when the image is null"}],"endTime":1785718017149,"message":"","name":"C:\\medical-imaging-platform\\ohif-viewer\\platform\\core\\src\\utils\\isImage.test.js","startTime":1785718013761,"status":"passed","summary":""},{"assertionResults":[{"ancestorTitles":["validator","equals"],"duration":40,"failureDetails":[],"failureMessages":[],"fullName":"validator equals returned undefined on strictly equals","invocations":1,"location":null,"numPassingAsserts":11,"retryReasons":[],"status":"passed","title":"returned undefined on strictly equals"},{"ancestorTitles":["validator","doesNotEqual"],"duration":81,"failureDetails":[],"failureMessages":[],"fullName":"validator doesNotEqual returns undefined if value does not equal ","invocations":1,"location":null,"numPassingAsserts":9,"retryReasons":[],"status":"passed","title":"returns undefined if value does not equal "},{"ancestorTitles":["validator","includes"],"duration":1,"failureDetails":[],"failureMessages":[],"fullName":"validator includes returns match any list includes","invocations":1,"location":null,"numPassingAsserts":9,"retryReasons":[],"status":"passed","title":"returns match any list includes"},{"ancestorTitles":["validator","doesNotInclude"],"duration":1,"failureDetails":[],"failureMessages":[],"fullName":"validator doesNotInclude returns undefined if list does not includes","invocations":1,"location":null,"numPassingAsserts":10,"retryReasons":[],"status":"passed","title":"returns undefined if list does not includes"},{"ancestorTitles":["validator","containsI"],"duration":1,"failureDetails":[],"failureMessages":[],"fullName":"validator containsI returns match any list contains case insensitive","invocations":1,"location":null,"numPassingAsserts":6,"retryReasons":[],"status":"passed","title":"returns match any list contains case insensitive"},{"ancestorTitles":["validator","contains"],"duration":1,"failureDetails":[],"failureMessages":[],"fullName":"validator contains returns match any list contains","invocations":1,"location":null,"numPassingAsserts":9,"retryReasons":[],"status":"passed","title":"returns match any list contains"},{"ancestorTitles":["validator","doesNotContain"],"duration":1,"failureDetails":[],"failureMessages":[],"fullName":"validator doesNotContain returns undefined if string does not contain specified value","invocations":1,"location":null,"numPassingAsserts":9,"retryReasons":[],"status":"passed","title":"returns undefined if string does not contain specified value"},{"ancestorTitles":["validator","doesNotContainI"],"duration":1,"failureDetails":[],"failureMessages":[],"fullName":"validator doesNotContainI returns undefined if string does not contain specified value","invocations":1,"location":null,"numPassingAsserts":8,"retryReasons":[],"status":"passed","title":"returns undefined if string does not contain specified value"},{"ancestorTitles":["validator","startsWith"],"duration":1,"failureDetails":[],"failureMessages":[],"fullName":"validator startsWith returns undefined if string starts with specified value","invocations":1,"location":null,"numPassingAsserts":7,"retryReasons":[],"status":"passed","title":"returns undefined if string starts with specified value"},{"ancestorTitles":["validator","endsWith"],"duration":1,"failureDetails":[],"failureMessages":[],"fullName":"validator endsWith returns undefined if string ends with specified value","invocations":1,"location":null,"numPassingAsserts":8,"retryReasons":[],"status":"passed","title":"returns undefined if string ends with specified value"},{"ancestorTitles":["validator","greaterThan"],"duration":1,"failureDetails":[],"failureMessages":[],"fullName":"validator greaterThan returns undefined on greaterThan","invocations":1,"location":null,"numPassingAsserts":4,"retryReasons":[],"status":"passed","title":"returns undefined on greaterThan"},{"ancestorTitles":["validator","lessThan"],"duration":1,"failureDetails":[],"failureMessages":[],"fullName":"validator lessThan returns undefined on lessThan","invocations":1,"location":null,"numPassingAsserts":4,"retryReasons":[],"status":"passed","title":"returns undefined on lessThan"},{"ancestorTitles":["validator","range"],"duration":1,"failureDetails":[],"failureMessages":[],"fullName":"validator range returns undefined if the value is between","invocations":1,"location":null,"numPassingAsserts":6,"retryReasons":[],"status":"passed","title":"returns undefined if the value is between"}],"endTime":1785718017275,"message":"","name":"C:\\medical-imaging-platform\\ohif-viewer\\platform\\core\\src\\services\\HangingProtocolService\\lib\\validator.test.js","startTime":1785718013510,"status":"passed","summary":""},{"assertionResults":[{"ancestorTitles":["getName"],"duration":0,"failureDetails":[],"failureMessages":[],"fullName":"getName should return a default value if element is null or undefined","invocations":1,"location":null,"numPassingAsserts":2,"retryReasons":[],"status":"passed","title":"should return a default value if element is null or undefined"},{"ancestorTitles":["getName"],"duration":0,"failureDetails":[],"failureMessages":[],"fullName":"getName should return a default value if element.Value is null, undefined or not present","invocations":1,"location":null,"numPassingAsserts":3,"retryReasons":[],"status":"passed","title":"should return a default value if element.Value is null, undefined or not present"},{"ancestorTitles":["getName"],"duration":0,"failureDetails":[],"failureMessages":[],"fullName":"getName should return A for element when Alphabetic is [A, B, C, D]","invocations":1,"location":null,"numPassingAsserts":1,"retryReasons":[],"status":"passed","title":"should return A for element when Alphabetic is [A, B, C, D]"},{"ancestorTitles":["getName"],"duration":0,"failureDetails":[],"failureMessages":[],"fullName":"getName should return FIRST for element when Alphabetic is [FIRST, SECOND]","invocations":1,"location":null,"numPassingAsserts":1,"retryReasons":[],"status":"passed","title":"should return FIRST for element when Alphabetic is [FIRST, SECOND]"},{"ancestorTitles":["getName"],"duration":0,"failureDetails":[],"failureMessages":[],"fullName":"getName should return element.value[0] for element with not Alphabetic and when there is at least on element.Value","invocations":1,"location":null,"numPassingAsserts":1,"retryReasons":[],"status":"passed","title":"should return element.value[0] for element with not Alphabetic and when there is at least on element.Value"}],"endTime":1785718017412,"message":"","name":"C:\\medical-imaging-platform\\ohif-viewer\\platform\\core\\src\\DICOMWeb\\getName.test.js","startTime":1785718017021,"status":"passed","summary":""},{"assertionResults":[{"ancestorTitles":["getAttribute"],"duration":5,"failureDetails":[],"failureMessages":[],"fullName":"getAttribute should return a default value if element is null or undefined","invocations":1,"location":null,"numPassingAsserts":2,"retryReasons":[],"status":"passed","title":"should return a default value if element is null or undefined"},{"ancestorTitles":["getAttribute"],"duration":0,"failureDetails":[],"failureMessages":[],"fullName":"getAttribute should return a default value if element.Value is null, undefined or not present","invocations":1,"location":null,"numPassingAsserts":3,"retryReasons":[],"status":"passed","title":"should return a default value if element.Value is null, undefined or not present"},{"ancestorTitles":["getAttribute"],"duration":1,"failureDetails":[],"failureMessages":[],"fullName":"getAttribute should return 48 for element with value 0","invocations":1,"location":null,"numPassingAsserts":1,"retryReasons":[],"status":"passed","title":"should return 48 for element with value 0"},{"ancestorTitles":["getAttribute"],"duration":0,"failureDetails":[],"failureMessages":[],"fullName":"getAttribute should return 3211313 for element with value 11","invocations":1,"location":null,"numPassingAsserts":1,"retryReasons":[],"status":"passed","title":"should return 3211313 for element with value 11"},{"ancestorTitles":["getAttribute"],"duration":0,"failureDetails":[],"failureMessages":[],"fullName":"getAttribute should return 2.4923405222191973e+35 for element with value 00280009","invocations":1,"location":null,"numPassingAsserts":1,"retryReasons":[],"status":"passed","title":"should return 2.4923405222191973e+35 for element with value 00280009"},{"ancestorTitles":["getAttribute"],"duration":1,"failureDetails":[],"failureMessages":[],"fullName":"getAttribute should return 2949169 for element with value -1","invocations":1,"location":null,"numPassingAsserts":1,"retryReasons":[],"status":"passed","title":"should return 2949169 for element with value -1"}],"endTime":1785718017413,"message":"","name":"C:\\medical-imaging-platform\\ohif-viewer\\platform\\core\\src\\DICOMWeb\\getAttribute.test.js","startTime":1785718016822,"status":"passed","summary":""},{"assertionResults":[{"ancestorTitles":["getString"],"duration":1,"failureDetails":[],"failureMessages":[],"fullName":"getString should return a default value if element is null or undefined","invocations":1,"location":null,"numPassingAsserts":2,"retryReasons":[],"status":"passed","title":"should return a default value if element is null or undefined"},{"ancestorTitles":["getString"],"duration":1,"failureDetails":[],"failureMessages":[],"fullName":"getString should return a default value if element.Value is null, undefined or not present","invocations":1,"location":null,"numPassingAsserts":3,"retryReasons":[],"status":"passed","title":"should return a default value if element.Value is null, undefined or not present"},{"ancestorTitles":["getString"],"duration":1,"failureDetails":[],"failureMessages":[],"fullName":"getString should return A,B,C,D for element when element.Value[0] = [A, B, C, D]","invocations":1,"location":null,"numPassingAsserts":1,"retryReasons":[],"status":"passed","title":"should return A,B,C,D for element when element.Value[0] = [A, B, C, D]"},{"ancestorTitles":["getString"],"duration":1,"failureDetails":[],"failureMessages":[],"fullName":"getString should return 1,4,5,6 for element when element.Value[0] is [1, 4, 5, 6]","invocations":1,"location":null,"numPassingAsserts":1,"retryReasons":[],"status":"passed","title":"should return 1,4,5,6 for element when element.Value[0] is [1, 4, 5, 6]"},{"ancestorTitles":["getString"],"duration":0,"failureDetails":[],"failureMessages":[],"fullName":"getString should return A,1,3,R,7,-1 for element when element.Value is [-1, 2, 5, -10] ","invocations":1,"location":null,"numPassingAsserts":1,"retryReasons":[],"status":"passed","title":"should return A,1,3,R,7,-1 for element when element.Value is [-1, 2, 5, -10] "}],"endTime":1785718017500,"message":"","name":"C:\\medical-imaging-platform\\ohif-viewer\\platform\\core\\src\\DICOMWeb\\getString.test.js","startTime":1785718017088,"status":"passed","summary":""},{"assertionResults":[{"ancestorTitles":["extension preRegistration startup safety"],"duration":4,"failureDetails":[],"failureMessages":[],"fullName":"extension preRegistration startup safety registers uncertaintyService without throwing when uncertainty config is absent","invocations":1,"location":null,"numPassingAsserts":3,"retryReasons":[],"status":"passed","title":"registers uncertaintyService without throwing when uncertainty config is absent"},{"ancestorTitles":["extension preRegistration startup safety"],"duration":35,"failureDetails":[],"failureMessages":[],"fullName":"extension preRegistration startup safety surfaces a clear missing-backend error from uncertainty actions","invocations":1,"location":null,"numPassingAsserts":1,"retryReasons":[],"status":"passed","title":"surfaces a clear missing-backend error from uncertainty actions"},{"ancestorTitles":["extension preRegistration startup safety"],"duration":2,"failureDetails":[{}],"failureMessages":["TypeError: Cannot read properties of undefined (reading 'get')\n    at WorklistApi.get [as request] (C:\\medical-imaging-platform\\ohif-viewer\\extensions\\extension-uncertainty\\src\\services\\WorklistApi.ts:252:38)\n    at processTicksAndRejections (node:internal/process/task_queues:105:5)"],"fullName":"extension preRegistration startup safety uses provided uncertaintyServiceUrl when config is available","invocations":1,"location":null,"numPassingAsserts":0,"retryReasons":[],"status":"failed","title":"uses provided uncertaintyServiceUrl when config is available"}],"endTime":1785718017651,"message":"  ● extension preRegistration startup safety › uses provided uncertaintyServiceUrl when config is available\n\n    TypeError: Cannot read properties of undefined (reading 'get')\n\n    \u001b[0m \u001b[90m 250 |\u001b[39m     \u001b[36mif\u001b[39m (resp\u001b[33m.\u001b[39mstatus \u001b[33m===\u001b[39m \u001b[35m204\u001b[39m) \u001b[36mreturn\u001b[39m undefined \u001b[36mas\u001b[39m unknown \u001b[36mas\u001b[39m \u001b[33mT\u001b[39m\u001b[33m;\u001b[39m\n     \u001b[90m 251 |\u001b[39m\n    \u001b[31m\u001b[1m>\u001b[22m\u001b[39m\u001b[90m 252 |\u001b[39m     \u001b[36mconst\u001b[39m contentType \u001b[33m=\u001b[39m resp\u001b[33m.\u001b[39mheaders\u001b[33m.\u001b[39m\u001b[36mget\u001b[39m(\u001b[32m'Content-Type'\u001b[39m) \u001b[33m?\u001b[39m\u001b[33m?\u001b[39m \u001b[32m''\u001b[39m\u001b[33m;\u001b[39m\n     \u001b[90m     |\u001b[39m                                      \u001b[31m\u001b[1m^\u001b[22m\u001b[39m\n     \u001b[90m 253 |\u001b[39m     \u001b[36mif\u001b[39m (contentType \u001b[33m&&\u001b[39m \u001b[33m!\u001b[39mcontentType\u001b[33m.\u001b[39mincludes(\u001b[32m'application/json'\u001b[39m)) {\n     \u001b[90m 254 |\u001b[39m       \u001b[36mconst\u001b[39m text \u001b[33m=\u001b[39m \u001b[36mawait\u001b[39m resp\u001b[33m.\u001b[39mtext()\u001b[33m.\u001b[39m\u001b[36mcatch\u001b[39m(() \u001b[33m=>\u001b[39m \u001b[32m''\u001b[39m)\u001b[33m;\u001b[39m\n     \u001b[90m 255 |\u001b[39m       \u001b[36mthrow\u001b[39m \u001b[36mnew\u001b[39m \u001b[33mWorklistApiError\u001b[39m(\u001b[0m\n\n      at WorklistApi.get [as request] (src/services/WorklistApi.ts:252:38)\n","name":"C:\\medical-imaging-platform\\ohif-viewer\\extensions\\extension-uncertainty\\src\\__tests__\\extensionRegistration.test.tsx","startTime":1785718016755,"status":"failed","summary":""},{"assertionResults":[{"ancestorTitles":["getNumber"],"duration":6,"failureDetails":[],"failureMessages":[],"fullName":"getNumber should return a default value if element is null or undefined","invocations":1,"location":null,"numPassingAsserts":2,"retryReasons":[],"status":"passed","title":"should return a default value if element is null or undefined"},{"ancestorTitles":["getNumber"],"duration":1,"failureDetails":[],"failureMessages":[],"fullName":"getNumber should return a default value if element.Value is null, undefined or not present","invocations":1,"location":null,"numPassingAsserts":3,"retryReasons":[],"status":"passed","title":"should return a default value if element.Value is null, undefined or not present"},{"ancestorTitles":["getNumber"],"duration":2,"failureDetails":[],"failureMessages":[],"fullName":"getNumber should return 2.0 for element when element.Value[0] = 2","invocations":1,"location":null,"numPassingAsserts":1,"retryReasons":[],"status":"passed","title":"should return 2.0 for element when element.Value[0] = 2"},{"ancestorTitles":["getNumber"],"duration":11,"failureDetails":[],"failureMessages":[],"fullName":"getNumber should return -1.0 for element when element.Value[0] is -1","invocations":1,"location":null,"numPassingAsserts":1,"retryReasons":[],"status":"passed","title":"should return -1.0 for element when element.Value[0] is -1"},{"ancestorTitles":["getNumber"],"duration":0,"failureDetails":[],"failureMessages":[],"fullName":"getNumber should return -1.0 for element when element.Value is [-1, 2, 5, -10] ","invocations":1,"location":null,"numPassingAsserts":1,"retryReasons":[],"status":"passed","title":"should return -1.0 for element when element.Value is [-1, 2, 5, -10] "}],"endTime":1785718017683,"message":"","name":"C:\\medical-imaging-platform\\ohif-viewer\\platform\\core\\src\\DICOMWeb\\getNumber.test.js","startTime":1785718017308,"status":"passed","summary":""},{"assertionResults":[{"ancestorTitles":["scoreBand"],"duration":1,"failureDetails":[],"failureMessages":[],"fullName":"scoreBand uses default thresholds: med=0.15, high=0.35","invocations":1,"location":null,"numPassingAsserts":1,"retryReasons":[],"status":"passed","title":"uses default thresholds: med=0.15, high=0.35"},{"ancestorTitles":["scoreBand"],"duration":1,"failureDetails":[],"failureMessages":[],"fullName":"scoreBand classifies cleanly inside each band","invocations":1,"location":null,"numPassingAsserts":3,"retryReasons":[],"status":"passed","title":"classifies cleanly inside each band"},{"ancestorTitles":["scoreBand"],"duration":0,"failureDetails":[],"failureMessages":[],"fullName":"scoreBand treats thresholds as \">=\" inclusive (matches FastAPI)","invocations":1,"location":null,"numPassingAsserts":2,"retryReasons":[],"status":"passed","title":"treats thresholds as \">=\" inclusive (matches FastAPI)"},{"ancestorTitles":["scoreBand"],"duration":5,"failureDetails":[],"failureMessages":[],"fullName":"scoreBand returns null for null/undefined score","invocations":1,"location":null,"numPassingAsserts":2,"retryReasons":[],"status":"passed","title":"returns null for null/undefined score"},{"ancestorTitles":["scoreBand"],"duration":1,"failureDetails":[],"failureMessages":[],"fullName":"scoreBand returns null for non-finite score (NaN, Infinity)","invocations":1,"location":null,"numPassingAsserts":2,"retryReasons":[],"status":"passed","title":"returns null for non-finite score (NaN, Infinity)"},{"ancestorTitles":["scoreBand"],"duration":69,"failureDetails":[],"failureMessages":[],"fullName":"scoreBand throws when high < medium","invocations":1,"location":null,"numPassingAsserts":1,"retryReasons":[],"status":"passed","title":"throws when high < medium"},{"ancestorTitles":["scoreBand"],"duration":2,"failureDetails":[],"failureMessages":[],"fullName":"scoreBand respects custom thresholds","invocations":1,"location":null,"numPassingAsserts":3,"retryReasons":[],"status":"passed","title":"respects custom thresholds"},{"ancestorTitles":["bandTailwindClass"],"duration":1,"failureDetails":[],"failureMessages":[],"fullName":"bandTailwindClass returns distinct class strings per band","invocations":1,"location":null,"numPassingAsserts":3,"retryReasons":[],"status":"passed","title":"returns distinct class strings per band"}],"endTime":1785718017711,"message":"","name":"C:\\medical-imaging-platform\\ohif-viewer\\extensions\\extension-uncertainty\\src\\__tests__\\scoreBand.test.ts","startTime":1785718017200,"status":"passed","summary":""},{"assertionResults":[{"ancestorTitles":["sortInstances"],"duration":1,"failureDetails":[],"failureMessages":[],"fullName":"sortInstances should sort instances based on their imagePositionPatient","invocations":1,"location":null,"numPassingAsserts":1,"retryReasons":[],"status":"passed","title":"should sort instances based on their imagePositionPatient"},{"ancestorTitles":["sortInstances"],"duration":1,"failureDetails":[],"failureMessages":[],"fullName":"sortInstances should return the same instances if there is only one instance","invocations":1,"location":null,"numPassingAsserts":1,"retryReasons":[],"status":"passed","title":"should return the same instances if there is only one instance"},{"ancestorTitles":["sortInstances"],"duration":0,"failureDetails":[],"failureMessages":[],"fullName":"sortInstances should return the same instances if there are no instances","invocations":1,"location":null,"numPassingAsserts":1,"retryReasons":[],"status":"passed","title":"should return the same instances if there are no instances"}],"endTime":1785718017748,"message":"","name":"C:\\medical-imaging-platform\\ohif-viewer\\platform\\core\\src\\utils\\sortInstancesByPosition.test.js","startTime":1785718017428,"status":"passed","summary":""},{"assertionResults":[{"ancestorTitles":["absoluteUrl"],"d
[...]
olumn":2},"end":{"line":128,"column":3}},{"start":{},"end":{}}],"line":125}},"s":{"0":0,"1":0,"2":0,"3":0,"4":0,"5":0,"6":0,"7":0,"8":0,"9":0,"10":0,"11":0,"12":0,"13":0,"14":0,"15":0,"16":0,"17":0,"18":0,"19":0,"20":0,"21":0,"22":0,"23":0,"24":0,"25":0,"26":0,"27":0,"28":0,"29":0,"30":0,"31":0,"32":0,"33":0,"34":0,"35":0,"36":0,"37":0,"38":0,"39":0,"40":0,"41":0,"42":0,"43":0,"44":0,"45":0,"46":0,"47":0,"48":0,"49":0,"50":0,"51":0,"52":0,"53":0,"54":0,"55":0,"56":0,"57":0,"58":0,"59":0,"60":0,"61":0,"62":0,"63":0,"64":0,"65":0,"66":0,"67":0,"68":0,"69":0,"70":0,"71":0,"72":0,"73":0,"74":0,"75":0,"76":0,"77":0,"78":0,"79":0,"80":0,"81":0,"82":0,"83":0,"84":0,"85":0,"86":0,"87":0,"88":0,"89":0,"90":0,"91":0,"92":0,"93":0,"94":0,"95":0},"f":{"0":0,"1":0},"b":{"0":[0,0],"1":[0,0],"2":[0,0],"3":[0,0],"4":[0,0],"5":[0,0],"6":[0,0],"7":[0,0],"8":[0,0],"9":[0,0],"10":[0,0],"11":[0,0],"12":[0,0],"13":[0,0],"14":[0,0],"15":[0,0],"16":[0,0],"17":[0,0],"18":[0,0],"19":[0,0],"20":[0,0],"21":[0,0],"22":[0,0],"23":[0,0],"24":[0,0],"25":[0,0]}},"C:\\medical-imaging-platform\\ohif-viewer\\platform\\core\\src\\utils\\createStacks.draft-test.js":{"path":"C:\\medical-imaging-platform\\ohif-viewer\\platform\\core\\src\\utils\\createStacks.draft-test.js","statementMap":{},"fnMap":{},"branchMap":{},"s":{},"f":{},"b":{}},"C:\\medical-imaging-platform\\ohif-viewer\\extensions\\cornerstone\\src\\utils\\interleave.js":{"path":"C:\\medical-imaging-platform\\ohif-viewer\\extensions\\cornerstone\\src\\utils\\interleave.js","statementMap":{"0":{"start":{"line":10,"column":2},"end":{"line":12,"column":3}},"1":{"start":{"line":11,"column":4},"end":{"line":11,"column":14}},"2":{"start":{"line":13,"column":2},"end":{"line":15,"column":3}},"3":{"start":{"line":14,"column":4},"end":{"line":14,"column":20}},"4":{"start":{"line":16,"column":2},"end":{"line":16,"column":29}},"5":{"start":{"line":17,"column":19},"end":{"line":17,"column":29}},"6":{"start":{"line":18,"column":14},"end":{"line":18,"column":16}},"7":{"start":{"line":19,"column":2},"end":{"line":27,"column":3}},"8":{"start":{"line":19,"column":15},"end":{"line":19,"column":16}},"9":{"start":{"line":20,"column":4},"end":{"line":26,"column":5}},"10":{"start":{"line":21,"column":6},"end":{"line":24,"column":7}},"11":{"start":{"line":22,"column":8},"end":{"line":22,"column":51}},"12":{"start":{"line":23,"column":8},"end":{"line":23,"column":17}},"13":{"start":{"line":25,"column":6},"end":{"line":25,"column":24}},"14":{"start":{"line":28,"column":2},"end":{"line":28,"column":32}},"15":{"start":{"line":29,"column":2},"end":{"line":29,"column":13}}},"fnMap":{"0":{"name":"interleave","decl":{"start":{"line":9,"column":24},"end":{"line":9,"column":34}},"loc":{"start":{"line":9,"column":42},"end":{"line":30,"column":1}},"line":9}},"branchMap":{"0":{"loc":{"start":{"line":10,"column":2},"end":{"line":12,"column":3}},"type":"if","locations":[{"start":{"line":10,"column":2},"end":{"line":12,"column":3}},{"start":{},"end":{}}],"line":10},"1":{"loc":{"start":{"line":10,"column":6},"end":{"line":10,"column":29}},"type":"binary-expr","locations":[{"start":{"line":10,"column":6},"end":{"line":10,"column":12}},{"start":{"line":10,"column":16},"end":{"line":10,"column":29}}],"line":10},"2":{"loc":{"start":{"line":13,"column":2},"end":{"line":15,"column":3}},"type":"if","locations":[{"start":{"line":13,"column":2},"end":{"line":15,"column":3}},{"start":{},"end":{}}],"line":13},"3":{"loc":{"start":{"line":21,"column":6},"end":{"line":24,"column":7}},"type":"if","locations":[{"start":{"line":21,"column":6},"end":{"line":24,"column":7}},{"start":{},"end":{}}],"line":21}},"s":{"0":0,"1":0,"2":0,"3":0,"4":0,"5":0,"6":0,"7":0,"8":0,"9":0,"10":0,"11":0,"12":0,"13":0,"14":0,"15":0},"f":{"0":0},"b":{"0":[0,0],"1":[0,0],"2":[0,0],"3":[0,0]}},"C:\\medical-imaging-platform\\ohif-viewer\\platform\\core\\src\\utils\\metadataProvider\\unpackOverlay.js":{"path":"C:\\medical-imaging-platform\\ohif-viewer\\platform\\core\\src\\utils\\metadataProvider\\unpackOverlay.js","statementMap":{"0":{"start":{"line":2,"column":19},"end":{"line":2,"column":46}},"1":{"start":{"line":3,"column":20},"end":{"line":3,"column":55}},"2":{"start":{"line":5,"column":2},"end":{"line":9,"column":3}},"3":{"start":{"line":5,"column":23},"end":{"line":5,"column":24}},"4":{"start":{"line":6,"column":21},"end":{"line":6,"column":34}},"5":{"start":{"line":7,"column":25},"end":{"line":7,"column":50}},"6":{"start":{"line":8,"column":4},"end":{"line":8,"column":88}},"7":{"start":{"line":11,"column":2},"end":{"line":11,"column":19}}},"fnMap":{"0":{"name":"unpackOverlay","decl":{"start":{"line":1,"column":24},"end":{"line":1,"column":37}},"loc":{"start":{"line":1,"column":51},"end":{"line":12,"column":1}},"line":1}},"branchMap":{},"s":{"0":0,"1":0,"2":0,"3":0,"4":0,"5":0,"6":0,"7":0},"f":{"0":0},"b":{}},"C:\\medical-imaging-platform\\ohif-viewer\\platform\\core\\src\\utils\\reconstructableModalities.js":{"path":"C:\\medical-imaging-platform\\ohif-viewer\\platform\\core\\src\\utils\\reconstructableModalities.js","statementMap":{"0":{"start":{"line":1,"column":34},"end":{"line":1,"column":58}}},"fnMap":{},"branchMap":{},"s":{"0":0},"f":{},"b":{}},"C:\\medical-imaging-platform\\ohif-viewer\\extensions\\cornerstone\\src\\id.js":{"path":"C:\\medical-imaging-platform\\ohif-viewer\\extensions\\cornerstone\\src\\id.js","statementMap":{"0":{"start":{"line":3,"column":11},"end":{"line":3,"column":27}}},"fnMap":{},"branchMap":{},"s":{"0":0},"f":{},"b":{}},"C:\\medical-imaging-platform\\ohif-viewer\\extensions\\cornerstone\\src\\components\\ActiveViewportWindowLevel\\index.js":{"path":"C:\\medical-imaging-platform\\ohif-viewer\\extensions\\cornerstone\\src\\components\\ActiveViewportWindowLevel\\index.js","statementMap":{},"fnMap":{},"branchMap":{},"s":{},"f":{},"b":{}},"C:\\medical-imaging-platform\\ohif-viewer\\platform\\core\\src\\measurements\\tools\\polygonRoi.js":{"path":"C:\\medical-imaging-platform\\ohif-viewer\\platform\\core\\src\\measurements\\tools\\polygonRoi.js","statementMap":{"0":{"start":{"line":1,"column":24},"end":{"line":8,"column":1}},"1":{"start":{"line":2,"column":18},"end":{"line":2,"column":20}},"2":{"start":{"line":3,"column":26},"end":{"line":3,"column":30}},"3":{"start":{"line":4,"column":2},"end":{"line":6,"column":3}},"4":{"start":{"line":5,"column":4},"end":{"line":5,"column":52}},"5":{"start":{"line":7,"column":2},"end":{"line":7,"column":19}},"6":{"start":{"line":10,"column":26},"end":{"line":24,"column":1}}},"fnMap":{"0":{"name":"(anonymous_0)","decl":{"start":{"line":1,"column":24},"end":{"line":1,"column":25}},"loc":{"start":{"line":1,"column":32},"end":{"line":8,"column":1}},"line":1}},"branchMap":{"0":{"loc":{"start":{"line":4,"column":2},"end":{"line":6,"column":3}},"type":"if","locations":[{"start":{"line":4,"column":2},"end":{"line":6,"column":3}},{"start":{},"end":{}}],"line":4},"1":{"loc":{"start":{"line":4,"column":6},"end":{"line":4,"column":65}},"type":"binary-expr","locations":[{"start":{"line":4,"column":6},"end":{"line":4,"column":17}},{"start":{"line":4,"column":21},"end":{"line":4,"column":37}},{"start":{"line":4,"column":41},"end":{"line":4,"column":65}}],"line":4}},"s":{"0":0,"1":0,"2":0,"3":0,"4":0,"5":0,"6":0},"f":{"0":0},"b":{"0":[0,0],"1":[0,0,0]}},"C:\\medical-imaging-platform\\ohif-viewer\\platform\\core\\src\\services\\HangingProtocolService\\lib\\comparators.js":{"path":"C:\\medical-imaging-platform\\ohif-viewer\\platform\\core\\src\\services\\HangingProtocolService\\lib\\comparators.js","statementMap":{"0":{"start":{"line":1,"column":20},"end":{"line":93,"column":1}},"1":{"start":{"line":96,"column":0},"end":{"line":96,"column":27}}},"fnMap":{},"branchMap":{},"s":{"0":0,"1":0},"f":{},"b":{}},"C:\\medical-imaging-platform\\ohif-viewer\\extensions\\cornerstone\\src\\components\\ViewportWindowLevel\\index.js":{"path":"C:\\medical-imaging-platform\\ohif-viewer\\extensions\\cornerstone\\src\\components\\ViewportWindowLevel\\index.js","statementMap":{},"fnMap":{},"branchMap":{},"s":{},"f":{},"b":{}},"C:\\medical-imaging-platform\\ohif-viewer\\extensions\\cornerstone\\src\\initWADOImageLoader.js":{"path":"C:\\medical-imaging-platform\\ohif-viewer\\extensions\\cornerstone\\src\\initWADOImageLoader.js","statementMap":{"0":{"start":{"line":9,"column":33},"end":{"line":9,"column":45}},"1":{"start":{"line":16,"column":17},"end":{"line":56,"column":3}},"2":{"start":{"line":35,"column":27},"end":{"line":35,"column":88}},"3":{"start":{"line":36,"column":22},"end":{"line":36,"column":72}},"4":{"start":{"line":37,"column":27},"end":{"line":41,"column":7}},"5":{"start":{"line":43,"column":32},"end":{"line":45,"column":7}},"6":{"start":{"line":47,"column":6},"end":{"line":49,"column":7}},"7":{"start":{"line":48,"column":8},"end":{"line":48,"column":50}},"8":{"start":{"line":51,"column":6},"end":{"line":51,"column":31}},"9":{"start":{"line":54,"column":6},"end":{"line":54,"column":46}},"10":{"start":{"line":58,"column":2},"end":{"line":58,"column":97}},"11":{"start":{"line":59,"column":2},"end":{"line":62,"column":4}},"12":{"start":{"line":66,"column":2},"end":{"line":66,"column":32}}},"fnMap":{"0":{"name":"initWADOImageLoader","decl":{"start":{"line":11,"column":24},"end":{"line":11,"column":43}},"loc":{"start":{"line":15,"column":2},"end":{"line":67,"column":1}},"line":15},"1":{"name":"(anonymous_1)","decl":{"start":{"line":34,"column":16},"end":{"line":34,"column":17}},"loc":{"start":{"line":34,"column":31},"end":{"line":52,"column":5}},"line":34},"2":{"name":"(anonymous_2)","decl":{"start":{"line":53,"column":22},"end":{"line":53,"column":23}},"loc":{"start":{"line":53,"column":31},"end":{"line":55,"column":5}},"line":53},"3":{"name":"destroy","decl":{"start":{"line":69,"column":16},"end":{"line":69,"column":23}},"loc":{"start":{"line":69,"column":26},"end":{"line":73,"column":1}},"line":69}},"branchMap":{"0":{"loc":{"start":{"line":32,"column":8},"end":{"line":32,"column":88}},"type":"binary-expr","locations":[{"start":{"line":32,"column":8},"end":{"line":32,"column":43}},{"start":{"line":32,"column":47},"end":{"line":32,"column":88}}],"line":32},"1":{"loc":{"start":{"line":35,"column":27},"end":{"line":35,"column":88}},"type":"binary-expr","locations":[{"start":{"line":35,"column":27},"end":{"line":35,"column":82}},{"start":{"line":35,"column":86},"end":{"line":35,"column":88}}],"line":35},"2":{"loc":{"start":{"line":47,"column":6},"end":{"line":49,"column":7}},"type":"if","locations":[{"start":{"line":47,"column":6},"end":{"line":49,"column":7}},{"start":{},"end":{}}],"line":47}},"s":{"0":0,"1":0,"2":0,"3":0,"4":0,"5":0,"6":0,"7":0,"8":0,"9":0,"10":0,"11":0,"12":0},"f":{"0":0,"1":0,"2":0,"3":0},"b":{"0":[0,0],"1":[0,0],"2":[0,0]}},"C:\\medical-imaging-platform\\ohif-viewer\\extensions\\cornerstone\\src\\components\\ViewportWindowLevel\\histogramWorker.js":{"path":"C:\\medical-imaging-platform\\ohif-viewer\\extensions\\cornerstone\\src\\components\\ViewportWindowLevel\\histogramWorker.js","statementMap":{"0":{"start":{"line":9,"column":12},"end":{"line":95,"column":1}},"1":{"start":{"line":11,"column":22},"end":{"line":11,"column":48}},"2":{"start":{"line":12,"column":4},"end":{"line":12,"column":40}},"3":{"start":{"line":13,"column":4},"end":{"line":13,"column":32}},"4":{"start":{"line":14,"column":4},"end":{"line":14,"column":38}},"5":{"start":{"line":15,"column":4},"end":{"line":15,"column":34}},"6":{"start":{"line":17,"column":24},"end":{"line":21,"column":6}},"7":{"start":{"line":23,"column":4},"end":{"line":23,"column":53}},"8":{"start":{"line":25,"column":4},"end":{"line":25,"column":25}},"9":{"start":{"line":27,"column":18},"end":{"line":27,"column":67}},"10":{"start":{"line":29,"column":4},"end":{"line":29,"column":17}},"11":{"start":{"line":32,"column":4},"end":{"line":34,"column":5}},"12":{"start":{"line":33,"column":6},"end":{"line":33,"column":19}},"13":{"start":{"line":35,"column":22},"end":{"line":41,"column":5}},"14":{"start":{"line":43,"column":19},"end":{"line":43,"column":30}},"15":{"start":{"line":44,"column":19},"end":{"line":44,"column":30}},"16":{"start":{"line":46,"column":4},"end":{"line":63,"column":5}},"17":{"start":{"line":47,"column":16},"end":{"line":47,"column":24}},"18":{"start":{"line":48,"column":16},"end":{"line":48,"column":25}},"19":{"start":{"line":49,"column":18},"end":{"line":49,"column":29}},"20":{"start":{"line":51,"column":6},"end":{"line":59,"column":7}},"21":{"start":{"line":52,"column":22},"end":{"line":52,"column":33}},"22":{"start":{"line":53,"column":8},"end":{"line":55,"column":9}},"23":{"start":{"line":54,"column":10},"end":{"line":54,"column":22}},"24":{"start":{"line":56,"column":8},"end":{"line":58,"column":9}},"25":{"start":{"line":57,"column":10},"end":{"line":57,"column":22}},"26":{"start":{"line":61,"column":6},"end":{"line":61,"column":21}},"27":{"start":{"line":62,"column":6},"end":{"line":62,"column":21}},"28":{"start":{"line":65,"column":4},"end":{"line":65,"column":55}},"29":{"start":{"line":67,"column":17},"end":{"line":67,"column":50}},"30":{"start":{"line":68,"column":21},"end":{"line":68,"column":62}},"31":{"start":{"line":70,"column":4},"end":{"line":80,"column":5}},"32":{"start":{"line":70,"column":21},"end":{"line":70,"column":22}},"33":{"start":{"line":71,"column":20},"end":{"line":71,"column":31}},"34":{"start":{"line":72,"column":6},"end":{"line":74,"column":7}},"35":{"start":{"line":73,"column":8},"end":{"line":73,"column":17}},"36":{"start":{"line":75,"column":6},"end":{"line":77,"column":7}},"37":{"start":{"line":76,"column":8},"end":{"line":76,"column":17}},"38":{"start":{"line":78,"column":18},"end":{"line":78,"column":59}},"39":{"start":{"line":79,"column":6},"end":{"line":79,"column":21}},"40":{"start":{"line":82,"column":4},"end":{"line":82,"column":26}},"41":{"start":{"line":83,"column":4},"end":{"line":83,"column":25}},"42":{"start":{"line":84,"column":4},"end":{"line":84,"column":30}},"43":{"start":{"line":86,"column":4},"end":{"line":91,"column":5}},"44":{"start":{"line":86,"column":19},"end":{"line":86,"column":20}},"45":{"start":{"line":87,"column":6},"end":{"line":90,"column":7}},"46":{"start":{"line":88,"column":8},"end":{"line":88,"column":31}},"47":{"start":{"line":89,"column":8},"end":{"line":89,"column":52}},"48":{"start":{"line":93,"column":4},"end":{"line":93,"column":21}},"49":{"start":{"line":97,"column":0},"end":{"line":97,"column":12}}},"fnMap":{"0":{"name":"(anonymous_0)","decl":{"start":{"line":10,"column":12},"end":{"line":10,"column":13}},"loc":{"start":{"line":10,"column":72},"end":{"line":30,"column":3}},"line":10},"1":{"name":"(anonymous_1)","decl":{"start":{"line":31,"column":17},"end":{"line":31,"column":18}},"loc":{"start":{"line":31,"column":40},"end":{"line":94,"column":3}},"line":31}},"branchMap":{"0":{"loc":{"start":{"line":32,"column":4},"end":{"line":34,"column":5}},"type":"if","locations":[{"start":{"line":32,"column":4},"end":{"line":34,"column":5}},{"start":{},"end":{}}],"line":32},"1":{"loc":{"start":{"line":36,"column":15},"end":{"line":36,"column":37}},"type":"binary-expr","locations":[{"start":{"line":36,"column":15},"end":{"line":36,"column":30}},{"start":{"line":36,"column":34},"end":{"line":36,"column":37}}],"line":36},"2":{"loc":{"start":{"line":46,"column":4},"end":{"line":63,"column":5}},"type":"if","locations":[{"start":{"line":46,"column":4},"end":{"line":63,"column":5}},{"start":{},"end":{}}],"line":46},"3":{"loc":{"start":{"line":46,"column":8},"end":{"line":46,"column":56}},"type":"binary-expr","locations":[{"start":{"line":46,"column":8},"end":{"line":46,"column":30}},{"start":{"line":46,"column":34},"end":{"line":46,"column":56}}],"line":46},"4":{"loc":{"start":{"line":53,"column":8},"end":{"line":55,"column":9}},"type":"if","locations":[{"start":{"line":53,"column":8},"end":{"line":55,"column":9}},{"start":{},"end":{}}],"line":53},"5":{"loc":{"start":{"line":56,"column":8},"end":{"line":58,"column":9}},"type":"if","locations":[{"start":{"line":56,"column":8},"end":{"line":58,"column":9}},{"start":{},"end":{}}],"line":56},"6":{"loc":{"start":{"line":72,"column":6},"end":{"line":74,"column":7}},"type":"if","locations":[{"start":{"line":72,"column":6},"end":{"line":74,"column":7}},{"start":{},"end":{}}],"line":72},"7":{"loc":{"start":{"line":75,"column":6},"end":{"line":77,"column":7}},"type":"if","locations":[{"start":{"line":75,"column":6},"end":{"line":77,"column":7}},{"start":{},"end":{}}],"line":75},"8":{"loc":{"start":{"line":87,"column":6},"end":{"line":90,"column":7}},"type":"if","locations":[{"start":{"line":87,"column":6},"end":{"line":90,"column":7}},{"start":{},"end":{}}],"line":87}},"s":{"0":0,"1":0,"2":0,"3":0,"4":0,"5":0,"6":0,"7":0,"8":0,"9":0,"10":0,"11":0,"12":0,"13":0,"14":0,"15":0,"16":0,"17":0,"18":0,"19":0,"20":0,"21":0,"22":0,"23":0,"24":0,"25":0,"26":0,"27":0,"28":0,"29":0,"30":0,"31":0,"32":0,"33":0,"34":0,"35":0,"36":0,"37":0,"38":0,"39":0,"40":0,"41":0,"42":0,"43":0,"44":0,"45":0,"46":0,"47":0,"48":0,"49":0},"f":{"0":0,"1":0},"b":{"0":[0,0],"1":[0,0],"2":[0,0],"3":[0,0],"4":[0,0],"5":[0,0],"6":[0,0],"7":[0,0],"8":[0,0]}},"C:\\medical-imaging-platform\\ohif-viewer\\extensions\\cornerstone\\src\\utils\\colormaps.js":{"path":"C:\\medical-imaging-platform\\ohif-viewer\\extensions\\cornerstone\\src\\utils\\colormaps.js","statementMap":{"0":{"start":{"line":1,"column":18},"end":{"line":1598,"column":1}}},"fnMap":{},"branchMap":{},"s":{"0":0},"f":{},"b":{}},"C:\\medical-imaging-platform\\ohif-viewer\\platform\\ui\\src\\components\\Icon\\getIcon.js":{"path":"C:\\medical-imaging-platform\\ohif-viewer\\platform\\ui\\src\\components\\Icon\\getIcon.js","statementMap":{"0":{"start":{"line":226,"column":14},"end":{"line":438,"column":1}},"1":{"start":{"line":441,"column":2},"end":{"line":443,"column":3}},"2":{"start":{"line":442,"column":4},"end":{"line":442,"column":53}},"3":{"start":{"line":445,"column":2},"end":{"line":445,"column":28}},"4":{"start":{"line":454,"column":15},"end":{"line":454,"column":25}},"5":{"start":{"line":456,"column":2},"end":{"line":458,"column":3}},"6":{"start":{"line":457,"column":4},"end":{"line":457,"column":60}},"7":{"start":{"line":460,"column":2},"end":{"line":464,"column":3}},"8":{"start":{"line":461,"column":4},"end":{"line":461,"column":63}},"9":{"start":{"line":463,"column":4},"end":{"line":463,"column":44}}},"fnMap":{"0":{"name":"addIcon","decl":{"start":{"line":440,"column":9},"end":{"line":440,"column":16}},"loc":{"start":{"line":440,"column":36},"end":{"line":446,"column":1}},"line":440},"1":{"name":"getIcon","decl":{"start":{"line":453,"column":24},"end":{"line":453,"column":31}},"loc":{"start":{"line":453,"column":44},"end":{"line":465,"column":1}},"line":453}},"branchMap":{"0":{"loc":{"start":{"line":441,"column":2},"end":{"line":443,"column":3}},"type":"if","locations":[{"start":{"line":441,"column":2},"end":{"line":443,"column":3}},{"start":{},"end":{}}],"line":441},"1":{"loc":{"start":{"line":456,"column":2},"end":{"line":458,"column":3}},"type":"if","locations":[{"start":{"line":456,"column":2},"end":{"line":458,"column":3}},{"start":{},"end":{}}],"line":456},"2":{"loc":{"start":{"line":456,"column":6},"end":{"line":456,"column":19}},"type":"binary-expr","locations":[{"start":{"line":456,"column":6},"end":{"line":456,"column":10}},{"start":{"line":456,"column":14},"end":{"line":456,"column":19}}],"line":456},"3":{"loc":{"start":{"line":460,"column":2},"end":{"line":464,"column":3}},"type":"if","locations":[{"start":{"line":460,"column":2},"end":{"line":464,"column":3}},{"start":{"line":462,"column":9},"end":{"line":464,"column":3}}],"line":460},"4":{"loc":{"start":{"line":460,"column":6},"end":{"line":460,"column":55}},"type":"binary-expr","locations":[{"start":{"line":460,"column":6},"end":{"line":460,"column":30}},{"start":{"line":460,"column":34},"end":{"line":460,"column":55}}],"line":460}},"s":{"0":0,"1":0,"2":0,"3":0,"4":0,"5":0,"6":0,"7":0,"8":0,"9":0},"f":{"0":0,"1":0},"b":{"0":[0,0],"1":[0,0],"2":[0,0],"3":[0,0],"4":[0,0]}}}}
